{
  "stats": {
    "suites": 12,
    "tests": 44,
    "passes": 44,
    "pending": 0,
    "failures": 0,
    "start": "2023-02-09T02:02:10.312Z",
    "end": "2023-02-09T02:03:54.824Z",
    "duration": 79947,
    "testsRegistered": 44,
    "passPercent": 100,
    "pendingPercent": 0,
    "other": 0,
    "hasOther": false,
    "skipped": 0,
    "hasSkipped": false
  },
  "results": [
    {
      "uuid": "35fa58ae-8429-468b-b5d7-2ec288a7c701",
      "title": "",
      "fullFile": "cypress\\e2e\\02-login-admin.cy.js",
      "file": "cypress\\e2e\\02-login-admin.cy.js",
      "beforeHooks": [],
      "afterHooks": [],
      "tests": [],
      "suites": [
        {
          "uuid": "c8913961-8908-4451-ad6a-7556de924985",
          "title": "Login - Admin",
          "fullFile": "",
          "file": "",
          "beforeHooks": [],
          "afterHooks": [],
          "tests": [
            {
              "title": "Realizar Login - admin",
              "fullTitle": "Login - Admin Realizar Login - admin",
              "timedOut": null,
              "duration": 2071,
              "state": "passed",
              "speed": "fast",
              "pass": true,
              "fail": false,
              "pending": false,
              "context": null,
              "code": "cy.visit(\"/login\");\ncy.get(\"input[name=email]\").clear().type(_usuarioAdmin.admin.email);\ncy.get(\"input[name=senha]\").clear().type(`${_usuarioAdmin.admin.senha}{enter}`);\ncy.url().should(\"include\", \"/\");",
              "err": {},
              "uuid": "a14e4fe3-afa0-4c9b-9936-db58f7330a6e",
              "parentUUID": "c8913961-8908-4451-ad6a-7556de924985",
              "isHook": false,
              "skipped": false
            }
          ],
          "suites": [],
          "passes": [
            "a14e4fe3-afa0-4c9b-9936-db58f7330a6e"
          ],
          "failures": [],
          "pending": [],
          "skipped": [],
          "duration": 2071,
          "root": false,
          "rootEmpty": false,
          "_timeout": 2000
        },
        {
          "uuid": "fcaabf36-1efc-4dea-91a6-cc16dff54122",
          "title": "Recuperar senha",
          "fullFile": "",
          "file": "",
          "beforeHooks": [],
          "afterHooks": [],
          "tests": [
            {
              "title": "Recuperar a senha por email",
              "fullTitle": "Recuperar senha Recuperar a senha por email",
              "timedOut": null,
              "duration": 1939,
              "state": "passed",
              "speed": "fast",
              "pass": true,
              "fail": false,
              "pending": false,
              "context": null,
              "code": "cy.visit(\"/recuperar-senha\");\ncy.get(\"input[name=email]\").clear().type(_usuarioAdmin.admin.email).type(`${_usuarioAdmin.admin.senha}{enter}`);\ncy.url().should(\"include\", \"/\");",
              "err": {},
              "uuid": "d628f67f-138a-4051-92af-a0256da0dcb4",
              "parentUUID": "fcaabf36-1efc-4dea-91a6-cc16dff54122",
              "isHook": false,
              "skipped": false
            }
          ],
          "suites": [],
          "passes": [
            "d628f67f-138a-4051-92af-a0256da0dcb4"
          ],
          "failures": [],
          "pending": [],
          "skipped": [],
          "duration": 1939,
          "root": false,
          "rootEmpty": false,
          "_timeout": 2000
        }
      ],
      "passes": [],
      "failures": [],
      "pending": [],
      "skipped": [],
      "duration": 0,
      "root": true,
      "rootEmpty": true,
      "_timeout": 2000
    },
    {
      "uuid": "f69dac52-cc99-44fe-beb2-7f81bcd6129a",
      "title": "",
      "fullFile": "cypress\\e2e\\03-register-morador.cy.js",
      "file": "cypress\\e2e\\03-register-morador.cy.js",
      "beforeHooks": [],
      "afterHooks": [],
      "tests": [],
      "suites": [
        {
          "uuid": "af647fcc-73cb-40f1-9fc0-6aeec04f7fdc",
          "title": "Registro - Morador",
          "fullFile": "",
          "file": "",
          "beforeHooks": [],
          "afterHooks": [],
          "tests": [
            {
              "title": "Registrar-se em um condomínio",
              "fullTitle": "Registro - Morador Registrar-se em um condomínio",
              "timedOut": null,
              "duration": 4272,
              "state": "passed",
              "speed": "fast",
              "pass": true,
              "fail": false,
              "pending": false,
              "context": null,
              "code": "cy.visit(\"/register\");\ncy.get(\"input[name=codigoCondominio]\").clear().type(morador.codigoCondominio);\ncy.get(\"input[name=nome]\").clear().type(morador.nome);\ncy.get(\"input[name=apto]\").clear().type(morador.apto);\ncy.get(\"input[name=email]\").clear().type(\"novomorador1@gestaodecondominios.com.br\");\ncy.get(\"input[name=senha]\").clear().type(morador.senha);\ncy.get(\"input[name=confirmacaoSenha]\").clear().type(`${morador.senha}{enter}`);\ncy.url().should(\"equal\", `${Cypress.env(\"front_url\")}`);",
              "err": {},
              "uuid": "c8b4ceeb-ad87-4831-bce9-de48afe0b973",
              "parentUUID": "af647fcc-73cb-40f1-9fc0-6aeec04f7fdc",
              "isHook": false,
              "skipped": false
            }
          ],
          "suites": [],
          "passes": [
            "c8b4ceeb-ad87-4831-bce9-de48afe0b973"
          ],
          "failures": [],
          "pending": [],
          "skipped": [],
          "duration": 4272,
          "root": false,
          "rootEmpty": false,
          "_timeout": 2000
        }
      ],
      "passes": [],
      "failures": [],
      "pending": [],
      "skipped": [],
      "duration": 0,
      "root": true,
      "rootEmpty": true,
      "_timeout": 2000
    },
    {
      "uuid": "270fb1b3-741e-49c0-a780-d517fcf7a73a",
      "title": "",
      "fullFile": "cypress\\e2e\\04-login-morador.cy.js",
      "file": "cypress\\e2e\\04-login-morador.cy.js",
      "beforeHooks": [],
      "afterHooks": [],
      "tests": [],
      "suites": [
        {
          "uuid": "a1c02468-8f56-4b43-93a0-98756040f752",
          "title": "Login - Morador",
          "fullFile": "",
          "file": "",
          "beforeHooks": [],
          "afterHooks": [],
          "tests": [
            {
              "title": "Realizar Login - morador",
              "fullTitle": "Login - Morador Realizar Login - morador",
              "timedOut": null,
              "duration": 2772,
              "state": "passed",
              "speed": "fast",
              "pass": true,
              "fail": false,
              "pending": false,
              "context": null,
              "code": "cy.visit(\"/login\");\ncy.get(\"input[name=email]\").clear().type(morador.email);\ncy.get(\"input[name=senha]\").clear().type(`${morador.senha}{enter}`);\ncy.url().should('include', '/');",
              "err": {},
              "uuid": "8f634900-9a6a-4eb9-9086-5766554e12ee",
              "parentUUID": "a1c02468-8f56-4b43-93a0-98756040f752",
              "isHook": false,
              "skipped": false
            }
          ],
          "suites": [],
          "passes": [
            "8f634900-9a6a-4eb9-9086-5766554e12ee"
          ],
          "failures": [],
          "pending": [],
          "skipped": [],
          "duration": 2772,
          "root": false,
          "rootEmpty": false,
          "_timeout": 2000
        }
      ],
      "passes": [],
      "failures": [],
      "pending": [],
      "skipped": [],
      "duration": 0,
      "root": true,
      "rootEmpty": true,
      "_timeout": 2000
    },
    {
      "uuid": "1bb1bd69-7433-4369-920e-72d3439e608c",
      "title": "",
      "fullFile": "cypress\\e2e\\05-condominios.cy.js",
      "file": "cypress\\e2e\\05-condominios.cy.js",
      "beforeHooks": [],
      "afterHooks": [],
      "tests": [],
      "suites": [
        {
          "uuid": "ddc6d0a5-cd82-4b8e-a86f-907e2f1a824e",
          "title": "Condomínios",
          "fullFile": "",
          "file": "",
          "beforeHooks": [],
          "afterHooks": [],
          "tests": [
            {
              "title": "Listar condominios",
              "fullTitle": "Condomínios Listar condominios",
              "timedOut": null,
              "duration": 1304,
              "state": "passed",
              "speed": "fast",
              "pass": true,
              "fail": false,
              "pending": false,
              "context": null,
              "code": "cy.visit(\"/condominios\");",
              "err": {},
              "uuid": "cab40dac-f979-40ba-81f1-bdbb5c571ba9",
              "parentUUID": "ddc6d0a5-cd82-4b8e-a86f-907e2f1a824e",
              "isHook": false,
              "skipped": false
            },
            {
              "title": "Criar condominio",
              "fullTitle": "Condomínios Criar condominio",
              "timedOut": null,
              "duration": 3394,
              "state": "passed",
              "speed": "fast",
              "pass": true,
              "fail": false,
              "pending": false,
              "context": null,
              "code": "cy.get(\"#add\").click().then(() => {\n  cy.get(\"input[name=nome]\").clear().type(condominio.nome);\n  cy.get(\"input[name=endereco]\").clear().type(condominio.endereco);\n  cy.get(\"input[name=cidade]\").clear().type(condominio.cidade);\n  cy.get(\"input[name=uf]\").clear().type(condominio.uf);\n  cy.get(\"input[name=cep]\").clear().type(condominio.cep);\n  cy.get(\"input[name=codigoCondominio]\").clear().type((0, _uuid.v4)().substring(0, 5));\n  cy.get(\"button[name=save\").click();\n  cy.url().should(\"equal\", `${Cypress.env(\"front_url\")}condominios`);\n});",
              "err": {},
              "uuid": "b1ac8409-7062-4773-88b6-684aa3c95e52",
              "parentUUID": "ddc6d0a5-cd82-4b8e-a86f-907e2f1a824e",
              "isHook": false,
              "skipped": false
            },
            {
              "title": "Atualizar condominio",
              "fullTitle": "Condomínios Atualizar condominio",
              "timedOut": null,
              "duration": 2726,
              "state": "passed",
              "speed": "fast",
              "pass": true,
              "fail": false,
              "pending": false,
              "context": null,
              "code": "cy.get(`[aria-label=\"edit\"]`).first().click().then(() => {\n  cy.get(\"input[name=nome]\").clear().type(condominioUpdate.nome);\n  cy.get(\"input[name=endereco]\").clear().type(condominioUpdate.endereco);\n  cy.get(\"input[name=cidade]\").clear().type(condominioUpdate.cidade);\n  cy.get(\"input[name=uf]\").clear().type(condominioUpdate.uf);\n  cy.get(\"input[name=cep]\").clear().type(condominioUpdate.cep);\n  cy.get(\"button[name=save\").click();\n  cy.url().should(\"equal\", `${Cypress.env(\"front_url\")}condominios`);\n});",
              "err": {},
              "uuid": "ccead3d7-d8cc-4cb3-b8ab-8c9eaf95aff8",
              "parentUUID": "ddc6d0a5-cd82-4b8e-a86f-907e2f1a824e",
              "isHook": false,
              "skipped": false
            },
            {
              "title": "Excluir condominio",
              "fullTitle": "Condomínios Excluir condominio",
              "timedOut": null,
              "duration": 213,
              "state": "passed",
              "speed": "fast",
              "pass": true,
              "fail": false,
              "pending": false,
              "context": null,
              "code": "cy.get(`[aria-label=\"delete\"]`).last().click().then(() => {\n  cy.contains(\"Deletar\").click();\n});",
              "err": {},
              "uuid": "d166b925-86c1-4880-8b8b-11e200c5a4ee",
              "parentUUID": "ddc6d0a5-cd82-4b8e-a86f-907e2f1a824e",
              "isHook": false,
              "skipped": false
            },
            {
              "title": "Exportar condominios",
              "fullTitle": "Condomínios Exportar condominios",
              "timedOut": null,
              "duration": 2212,
              "state": "passed",
              "speed": "fast",
              "pass": true,
              "fail": false,
              "pending": false,
              "context": null,
              "code": "cy.get(`#exportar`).click().then(() => {\n  cy.verifyDownload(\"condominios.pdf\");\n});",
              "err": {},
              "uuid": "2aec3b9d-8e42-48cf-b3b4-168846035506",
              "parentUUID": "ddc6d0a5-cd82-4b8e-a86f-907e2f1a824e",
              "isHook": false,
              "skipped": false
            }
          ],
          "suites": [],
          "passes": [
            "cab40dac-f979-40ba-81f1-bdbb5c571ba9",
            "b1ac8409-7062-4773-88b6-684aa3c95e52",
            "ccead3d7-d8cc-4cb3-b8ab-8c9eaf95aff8",
            "d166b925-86c1-4880-8b8b-11e200c5a4ee",
            "2aec3b9d-8e42-48cf-b3b4-168846035506"
          ],
          "failures": [],
          "pending": [],
          "skipped": [],
          "duration": 9849,
          "root": false,
          "rootEmpty": false,
          "_timeout": 2000
        }
      ],
      "passes": [],
      "failures": [],
      "pending": [],
      "skipped": [],
      "duration": 0,
      "root": true,
      "rootEmpty": true,
      "_timeout": 2000
    },
    {
      "uuid": "bf6258ce-cbd8-402c-8371-83af6139e2ae",
      "title": "",
      "fullFile": "cypress\\e2e\\05-perfil.cy.js",
      "file": "cypress\\e2e\\05-perfil.cy.js",
      "beforeHooks": [],
      "afterHooks": [],
      "tests": [],
      "suites": [
        {
          "uuid": "1ad7f541-e089-47a5-a850-e6242683288a",
          "title": "Perfil",
          "fullFile": "",
          "file": "",
          "beforeHooks": [],
          "afterHooks": [],
          "tests": [
            {
              "title": "Atualizar perfil",
              "fullTitle": "Perfil Atualizar perfil",
              "timedOut": null,
              "duration": 4318,
              "state": "passed",
              "speed": "fast",
              "pass": true,
              "fail": false,
              "pending": false,
              "context": null,
              "code": "cy.visit(\"/perfil\");\ncy.get(\"input[name=nome]\").clear().type(usuarioUpdate.nome);\ncy.get(\"input[name=apto]\").clear().type(usuarioUpdate.apto);\ncy.get(\"input[name=bloco]\").clear().type(usuarioUpdate.bloco);\ncy.get(\"input[name=email]\").clear().type(usuarioUpdate.email);\ncy.get(\"input[name=telefone]\").clear().type(usuarioUpdate.telefone);\ncy.get(\"button[name=save\").click().then(() => {\n  cy.url().should(\"equal\", `${Cypress.env(\"front_url\")}`);\n});",
              "err": {},
              "uuid": "7ae972f9-6a06-4fda-a87c-28f356fa88d4",
              "parentUUID": "1ad7f541-e089-47a5-a850-e6242683288a",
              "isHook": false,
              "skipped": false
            },
            {
              "title": "Alterar senha",
              "fullTitle": "Perfil Alterar senha",
              "timedOut": null,
              "duration": 1533,
              "state": "passed",
              "speed": "fast",
              "pass": true,
              "fail": false,
              "pending": false,
              "context": null,
              "code": "cy.visit(\"/perfil\").then(() => {\n  cy.get(\"input[name=password]\").clear().type(usuarioUpdate.senha);\n  cy.get(\"input[name=confirm]\").clear().type(usuarioUpdate.senha);\n  cy.get(\"button[name=update-password\").click().then(() => {\n    cy.url().should('include', '/');\n  });\n});",
              "err": {},
              "uuid": "1c04bc1c-d0b4-4a01-8068-0ee5b5bf4232",
              "parentUUID": "1ad7f541-e089-47a5-a850-e6242683288a",
              "isHook": false,
              "skipped": false
            }
          ],
          "suites": [],
          "passes": [
            "7ae972f9-6a06-4fda-a87c-28f356fa88d4",
            "1c04bc1c-d0b4-4a01-8068-0ee5b5bf4232"
          ],
          "failures": [],
          "pending": [],
          "skipped": [],
          "duration": 5851,
          "root": false,
          "rootEmpty": false,
          "_timeout": 2000
        }
      ],
      "passes": [],
      "failures": [],
      "pending": [],
      "skipped": [],
      "duration": 0,
      "root": true,
      "rootEmpty": true,
      "_timeout": 2000
    },
    {
      "uuid": "136de76c-8d44-411e-b03e-f673e10a8bea",
      "title": "",
      "fullFile": "cypress\\e2e\\06-ocorrencias.cy.js",
      "file": "cypress\\e2e\\06-ocorrencias.cy.js",
      "beforeHooks": [],
      "afterHooks": [],
      "tests": [],
      "suites": [
        {
          "uuid": "ea9fcfa2-1b2e-41db-b0c6-a73537eadcb6",
          "title": "Ocorrências",
          "fullFile": "",
          "file": "",
          "beforeHooks": [],
          "afterHooks": [],
          "tests": [
            {
              "title": "Listar ocorrências",
              "fullTitle": "Ocorrências Listar ocorrências",
              "timedOut": null,
              "duration": 1583,
              "state": "passed",
              "speed": "fast",
              "pass": true,
              "fail": false,
              "pending": false,
              "context": null,
              "code": "cy.visit(\"/ocorrencias\");",
              "err": {},
              "uuid": "bf36a9d8-5008-49b3-8721-5bcd1c0da4e0",
              "parentUUID": "ea9fcfa2-1b2e-41db-b0c6-a73537eadcb6",
              "isHook": false,
              "skipped": false
            },
            {
              "title": "Criar ocorrência",
              "fullTitle": "Ocorrências Criar ocorrência",
              "timedOut": null,
              "duration": 2102,
              "state": "passed",
              "speed": "fast",
              "pass": true,
              "fail": false,
              "pending": false,
              "context": null,
              "code": "cy.get(\"#add\").click().then(() => {\n  cy.get(\"input[name=motivo]\").clear().type(ocorrencia.motivo);\n  cy.get(\"textarea[name=descricao]\").clear().type(ocorrencia.descricao);\n  cy.get(\"form\").submit();\n  cy.url().should('equal', `${Cypress.env('front_url')}ocorrencias`);\n});",
              "err": {},
              "uuid": "fa4e620b-e5b7-4c58-8cf5-c1aaca9ca42c",
              "parentUUID": "ea9fcfa2-1b2e-41db-b0c6-a73537eadcb6",
              "isHook": false,
              "skipped": false
            },
            {
              "title": "Atualizar ocorrência",
              "fullTitle": "Ocorrências Atualizar ocorrência",
              "timedOut": null,
              "duration": 1704,
              "state": "passed",
              "speed": "fast",
              "pass": true,
              "fail": false,
              "pending": false,
              "context": null,
              "code": "cy.get(`[aria-label=\"edit\"]`).first().click().then(() => {\n  cy.get(\"input[name=motivo]\").clear().type(ocorrenciaUpdate.motivo);\n  cy.get(\"textarea[name=descricao]\").clear().type(ocorrenciaUpdate.descricao);\n  cy.get(\"form\").submit();\n  cy.url().should('equal', `${Cypress.env('front_url')}ocorrencias`);\n});",
              "err": {},
              "uuid": "06ecbfaa-de28-49d5-a6d0-8445573fb9e3",
              "parentUUID": "ea9fcfa2-1b2e-41db-b0c6-a73537eadcb6",
              "isHook": false,
              "skipped": false
            },
            {
              "title": "Excluir ocorrência",
              "fullTitle": "Ocorrências Excluir ocorrência",
              "timedOut": null,
              "duration": 232,
              "state": "passed",
              "speed": "fast",
              "pass": true,
              "fail": false,
              "pending": false,
              "context": null,
              "code": "cy.get(`[aria-label=\"delete\"]`).first().click().then(() => {\n  cy.contains(\"Deletar\").click();\n});",
              "err": {},
              "uuid": "b2e7e9fd-137a-4bbd-a2db-4d22b6f8c6ed",
              "parentUUID": "ea9fcfa2-1b2e-41db-b0c6-a73537eadcb6",
              "isHook": false,
              "skipped": false
            },
            {
              "title": "Exportar ocorrências",
              "fullTitle": "Ocorrências Exportar ocorrências",
              "timedOut": null,
              "duration": 1975,
              "state": "passed",
              "speed": "fast",
              "pass": true,
              "fail": false,
              "pending": false,
              "context": null,
              "code": "cy.get(`#exportar`).click().then(() => {\n  cy.verifyDownload(\"ocorrencias.pdf\");\n});",
              "err": {},
              "uuid": "bde07041-8ce1-4c96-b8bf-11b7c1695dd0",
              "parentUUID": "ea9fcfa2-1b2e-41db-b0c6-a73537eadcb6",
              "isHook": false,
              "skipped": false
            }
          ],
          "suites": [],
          "passes": [
            "bf36a9d8-5008-49b3-8721-5bcd1c0da4e0",
            "fa4e620b-e5b7-4c58-8cf5-c1aaca9ca42c",
            "06ecbfaa-de28-49d5-a6d0-8445573fb9e3",
            "b2e7e9fd-137a-4bbd-a2db-4d22b6f8c6ed",
            "bde07041-8ce1-4c96-b8bf-11b7c1695dd0"
          ],
          "failures": [],
          "pending": [],
          "skipped": [],
          "duration": 7596,
          "root": false,
          "rootEmpty": false,
          "_timeout": 2000
        }
      ],
      "passes": [],
      "failures": [],
      "pending": [],
      "skipped": [],
      "duration": 0,
      "root": true,
      "rootEmpty": true,
      "_timeout": 2000
    },
    {
      "uuid": "90c1d839-41f5-4d36-bc14-36735000b873",
      "title": "",
      "fullFile": "cypress\\e2e\\07-moradores.cy.js",
      "file": "cypress\\e2e\\07-moradores.cy.js",
      "beforeHooks": [],
      "afterHooks": [],
      "tests": [],
      "suites": [
        {
          "uuid": "f34f779b-3dac-46fb-b107-2d4d719fef34",
          "title": "Moradores",
          "fullFile": "",
          "file": "",
          "beforeHooks": [],
          "afterHooks": [],
          "tests": [
            {
              "title": "Listar moradores",
              "fullTitle": "Moradores Listar moradores",
              "timedOut": null,
              "duration": 1232,
              "state": "passed",
              "speed": "fast",
              "pass": true,
              "fail": false,
              "pending": false,
              "context": null,
              "code": "cy.visit(\"/moradores\");",
              "err": {},
              "uuid": "cceb7727-cf28-4659-a22a-83c4a2e0e7b2",
              "parentUUID": "f34f779b-3dac-46fb-b107-2d4d719fef34",
              "isHook": false,
              "skipped": false
            },
            {
              "title": "Atualizar morador",
              "fullTitle": "Moradores Atualizar morador",
              "timedOut": null,
              "duration": 1110,
              "state": "passed",
              "speed": "fast",
              "pass": true,
              "fail": false,
              "pending": false,
              "context": null,
              "code": "cy.get(`[aria-label=\"edit\"]`).first().click().then(() => {\n  cy.get(\"input[name=apto]\").clear().type(moradorUpdate.apto);\n  cy.get(\"input[name=bloco]\").clear().type(moradorUpdate.bloco);\n  cy.get(\"button[name=save\").click();\n  cy.url().should(\"equal\", `${Cypress.env(\"front_url\")}moradores`);\n});",
              "err": {},
              "uuid": "ff618571-cb70-492b-b961-7ff7c0e9524b",
              "parentUUID": "f34f779b-3dac-46fb-b107-2d4d719fef34",
              "isHook": false,
              "skipped": false
            },
            {
              "title": "Excluir morador",
              "fullTitle": "Moradores Excluir morador",
              "timedOut": null,
              "duration": 237,
              "state": "passed",
              "speed": "fast",
              "pass": true,
              "fail": false,
              "pending": false,
              "context": null,
              "code": "cy.contains(\"novomorador1@gestaodecondominios.com.br\").parents(\"tr\").find(\"button\").eq(1).click().then(() => {\n  cy.contains(\"Deletar\").click();\n});",
              "err": {},
              "uuid": "713f0f3a-49e6-451e-96d0-3d290638fc63",
              "parentUUID": "f34f779b-3dac-46fb-b107-2d4d719fef34",
              "isHook": false,
              "skipped": false
            },
            {
              "title": "Exportar moradores",
              "fullTitle": "Moradores Exportar moradores",
              "timedOut": null,
              "duration": 1982,
              "state": "passed",
              "speed": "fast",
              "pass": true,
              "fail": false,
              "pending": false,
              "context": null,
              "code": "cy.get(`#exportar`).click().then(() => {\n  cy.verifyDownload(\"moradores.pdf\");\n});",
              "err": {},
              "uuid": "b07376ff-5ad7-42b5-a4fb-80c6fac82d76",
              "parentUUID": "f34f779b-3dac-46fb-b107-2d4d719fef34",
              "isHook": false,
              "skipped": false
            },
            {
              "title": "Enviar convite por email",
              "fullTitle": "Moradores Enviar convite por email",
              "timedOut": null,
              "duration": 2604,
              "state": "passed",
              "speed": "fast",
              "pass": true,
              "fail": false,
              "pending": false,
              "context": null,
              "code": "cy.get(\"#convite\").click().then(() => {\n  cy.get(\".swal2-deny\").click().then(() => {\n    cy.wait(500);\n    cy.get(\"input[name=email]\").type(`${(0, _uuid.v4)()}${moradorUpdate.email}`);\n    cy.wait(500);\n    cy.get(\"button[name=send\").click();\n  });\n});",
              "err": {},
              "uuid": "2390dc7c-ac21-4d5c-921b-db7debf85e44",
              "parentUUID": "f34f779b-3dac-46fb-b107-2d4d719fef34",
              "isHook": false,
              "skipped": false
            }
          ],
          "suites": [],
          "passes": [
            "cceb7727-cf28-4659-a22a-83c4a2e0e7b2",
            "ff618571-cb70-492b-b961-7ff7c0e9524b",
            "713f0f3a-49e6-451e-96d0-3d290638fc63",
            "b07376ff-5ad7-42b5-a4fb-80c6fac82d76",
            "2390dc7c-ac21-4d5c-921b-db7debf85e44"
          ],
          "failures": [],
          "pending": [],
          "skipped": [],
          "duration": 7165,
          "root": false,
          "rootEmpty": false,
          "_timeout": 2000
        }
      ],
      "passes": [],
      "failures": [],
      "pending": [],
      "skipped": [],
      "duration": 0,
      "root": true,
      "rootEmpty": true,
      "_timeout": 2000
    },
    {
      "uuid": "5bddb5d0-ffea-46b6-a972-08d161f2785e",
      "title": "",
      "fullFile": "cypress\\e2e\\08-usuarios.cy.js",
      "file": "cypress\\e2e\\08-usuarios.cy.js",
      "beforeHooks": [],
      "afterHooks": [],
      "tests": [],
      "suites": [
        {
          "uuid": "4313f87d-ec56-4a04-9c41-7b9920c2f4b6",
          "title": "Usuários",
          "fullFile": "",
          "file": "",
          "beforeHooks": [],
          "afterHooks": [],
          "tests": [
            {
              "title": "Listar usuários",
              "fullTitle": "Usuários Listar usuários",
              "timedOut": null,
              "duration": 1693,
              "state": "passed",
              "speed": "fast",
              "pass": true,
              "fail": false,
              "pending": false,
              "context": null,
              "code": "cy.visit(\"/usuarios\");",
              "err": {},
              "uuid": "aeab96f9-6644-401e-8b1d-5a74e05a16eb",
              "parentUUID": "4313f87d-ec56-4a04-9c41-7b9920c2f4b6",
              "isHook": false,
              "skipped": false
            },
            {
              "title": "Criar usuário",
              "fullTitle": "Usuários Criar usuário",
              "timedOut": null,
              "duration": 2872,
              "state": "passed",
              "speed": "fast",
              "pass": true,
              "fail": false,
              "pending": false,
              "context": null,
              "code": "cy.get(\"#add\").click().then(() => {\n  cy.get(\"input[name=nome]\").clear().type(usuario.nome);\n  cy.get(\"input[name=email]\").clear().type(\"novomorador2@gestaodecondominios.com.br\");\n  cy.get(\"input[name=senha]\").clear().type(usuario.senha);\n  cy.get(\"input[name=confirmacaoSenha]\").clear().type(usuario.senha);\n  cy.get(\"button[name=save\").click();\n  cy.url().should(\"equal\", `${Cypress.env(\"front_url\")}usuarios`);\n});",
              "err": {},
              "uuid": "d3092871-97a9-4b96-b4b0-2efc82830f53",
              "parentUUID": "4313f87d-ec56-4a04-9c41-7b9920c2f4b6",
              "isHook": false,
              "skipped": false
            },
            {
              "title": "Atualizar usuário",
              "fullTitle": "Usuários Atualizar usuário",
              "timedOut": null,
              "duration": 692,
              "state": "passed",
              "speed": "fast",
              "pass": true,
              "fail": false,
              "pending": false,
              "context": null,
              "code": "cy.contains(\"novomorador2@gestaodecondominios.com.br\").parents(\"tr\").find(\"button\").eq(0).click().then(() => {\n  cy.get(\"input[name=nome]\").clear().type(usuarioUpdate.nome);\n  cy.get(\"form\").submit();\n  cy.url().should(\"equal\", `${Cypress.env(\"front_url\")}usuarios`);\n});",
              "err": {},
              "uuid": "387f8055-a066-483c-9092-0c1313ebd408",
              "parentUUID": "4313f87d-ec56-4a04-9c41-7b9920c2f4b6",
              "isHook": false,
              "skipped": false
            },
            {
              "title": "Excluir usuário",
              "fullTitle": "Usuários Excluir usuário",
              "timedOut": null,
              "duration": 246,
              "state": "passed",
              "speed": "fast",
              "pass": true,
              "fail": false,
              "pending": false,
              "context": null,
              "code": "cy.contains(\"novomorador2@gestaodecondominios.com.br\").parents(\"tr\").find(\"button\").eq(1).click().then(() => {\n  cy.contains(\"Deletar\").click();\n});",
              "err": {},
              "uuid": "a4affe25-02c7-4d48-a4bf-7bc5fdb681bc",
              "parentUUID": "4313f87d-ec56-4a04-9c41-7b9920c2f4b6",
              "isHook": false,
              "skipped": false
            },
            {
              "title": "Exportar usuários",
              "fullTitle": "Usuários Exportar usuários",
              "timedOut": null,
              "duration": 2084,
              "state": "passed",
              "speed": "fast",
              "pass": true,
              "fail": false,
              "pending": false,
              "context": null,
              "code": "cy.get(`#exportar`).click().then(() => {\n  cy.verifyDownload(\"usuarios.pdf\");\n});",
              "err": {},
              "uuid": "81c5463f-fbac-4513-88c8-127260d4446c",
              "parentUUID": "4313f87d-ec56-4a04-9c41-7b9920c2f4b6",
              "isHook": false,
              "skipped": false
            }
          ],
          "suites": [],
          "passes": [
            "aeab96f9-6644-401e-8b1d-5a74e05a16eb",
            "d3092871-97a9-4b96-b4b0-2efc82830f53",
            "387f8055-a066-483c-9092-0c1313ebd408",
            "a4affe25-02c7-4d48-a4bf-7bc5fdb681bc",
            "81c5463f-fbac-4513-88c8-127260d4446c"
          ],
          "failures": [],
          "pending": [],
          "skipped": [],
          "duration": 7587,
          "root": false,
          "rootEmpty": false,
          "_timeout": 2000
        }
      ],
      "passes": [],
      "failures": [],
      "pending": [],
      "skipped": [],
      "duration": 0,
      "root": true,
      "rootEmpty": true,
      "_timeout": 2000
    },
    {
      "uuid": "f40e6206-60c8-42c2-8e99-90e75969877f",
      "title": "",
      "fullFile": "cypress\\e2e\\09-tipo-leitura.cy.js",
      "file": "cypress\\e2e\\09-tipo-leitura.cy.js",
      "beforeHooks": [],
      "afterHooks": [],
      "tests": [],
      "suites": [
        {
          "uuid": "748280ed-8371-4a6e-ba03-df13c44d8ca5",
          "title": "Tipos de Leitura",
          "fullFile": "",
          "file": "",
          "beforeHooks": [],
          "afterHooks": [],
          "tests": [
            {
              "title": "Listar tipos de leitura",
              "fullTitle": "Tipos de Leitura Listar tipos de leitura",
              "timedOut": null,
              "duration": 1742,
              "state": "passed",
              "speed": "fast",
              "pass": true,
              "fail": false,
              "pending": false,
              "context": null,
              "code": "cy.visit(\"/tipos-leitura\");",
              "err": {},
              "uuid": "25bd226a-ae2b-40c0-b13f-b7b649d7607b",
              "parentUUID": "748280ed-8371-4a6e-ba03-df13c44d8ca5",
              "isHook": false,
              "skipped": false
            },
            {
              "title": "Criar tipo de leitura",
              "fullTitle": "Tipos de Leitura Criar tipo de leitura",
              "timedOut": null,
              "duration": 1796,
              "state": "passed",
              "speed": "fast",
              "pass": true,
              "fail": false,
              "pending": false,
              "context": null,
              "code": "cy.get(\"#add\").click().then(() => {\n  cy.get(\"input[name=descricao]\").clear().type(tipoLeitura.descricao);\n  cy.get(\"input[name=unidadeMedida]\").clear().type(tipoLeitura.unidadeMedida);\n  cy.get(\"input[name=taxaFixa]\").clear().type(tipoLeitura.taxaFixa);\n  cy.get(\"input[name=valorUnidade]\").clear().type(tipoLeitura.valorUnidade);\n  cy.get(\"form\").submit();\n  cy.url().should('equal', `${Cypress.env('front_url')}tipos-leitura`);\n});",
              "err": {},
              "uuid": "74219042-a0de-4f3b-913b-3c430c458ac5",
              "parentUUID": "748280ed-8371-4a6e-ba03-df13c44d8ca5",
              "isHook": false,
              "skipped": false
            },
            {
              "title": "Atualizar tipo de leitura",
              "fullTitle": "Tipos de Leitura Atualizar tipo de leitura",
              "timedOut": null,
              "duration": 1279,
              "state": "passed",
              "speed": "fast",
              "pass": true,
              "fail": false,
              "pending": false,
              "context": null,
              "code": "cy.get(`[aria-label=\"edit\"]`).first().click().then(() => {\n  cy.get(\"input[name=descricao]\").clear().type(tipoLeituraUpdate.descricao);\n  cy.get(\"input[name=unidadeMedida]\").clear().type(tipoLeituraUpdate.unidadeMedida);\n  cy.get(\"input[name=taxaFixa]\").clear().type(tipoLeituraUpdate.taxaFixa);\n  cy.get(\"input[name=valorUnidade]\").clear().type(tipoLeituraUpdate.valorUnidade);\n  cy.get(\"form\").submit();\n  cy.url().should('equal', `${Cypress.env('front_url')}tipos-leitura`);\n});",
              "err": {},
              "uuid": "5c0d8e36-4286-4674-afc2-dcd6839c0314",
              "parentUUID": "748280ed-8371-4a6e-ba03-df13c44d8ca5",
              "isHook": false,
              "skipped": false
            },
            {
              "title": "Excluir tipo de leitura",
              "fullTitle": "Tipos de Leitura Excluir tipo de leitura",
              "timedOut": null,
              "duration": 226,
              "state": "passed",
              "speed": "fast",
              "pass": true,
              "fail": false,
              "pending": false,
              "context": null,
              "code": "cy.get(`[aria-label=\"delete\"]`).last().click().then(() => {\n  cy.contains(\"Deletar\").click();\n});",
              "err": {},
              "uuid": "4e919d73-01ca-4d9b-ad8f-9ba5350b0a28",
              "parentUUID": "748280ed-8371-4a6e-ba03-df13c44d8ca5",
              "isHook": false,
              "skipped": false
            },
            {
              "title": "Exportar tipo de leituras",
              "fullTitle": "Tipos de Leitura Exportar tipo de leituras",
              "timedOut": null,
              "duration": 2381,
              "state": "passed",
              "speed": "fast",
              "pass": true,
              "fail": false,
              "pending": false,
              "context": null,
              "code": "cy.get(`#exportar`).click().then(() => {\n  cy.verifyDownload(\"tipos-leitura.pdf\");\n});",
              "err": {},
              "uuid": "dc42eb2b-9327-428f-a690-aa045f088740",
              "parentUUID": "748280ed-8371-4a6e-ba03-df13c44d8ca5",
              "isHook": false,
              "skipped": false
            }
          ],
          "suites": [],
          "passes": [
            "25bd226a-ae2b-40c0-b13f-b7b649d7607b",
            "74219042-a0de-4f3b-913b-3c430c458ac5",
            "5c0d8e36-4286-4674-afc2-dcd6839c0314",
            "4e919d73-01ca-4d9b-ad8f-9ba5350b0a28",
            "dc42eb2b-9327-428f-a690-aa045f088740"
          ],
          "failures": [],
          "pending": [],
          "skipped": [],
          "duration": 7424,
          "root": false,
          "rootEmpty": false,
          "_timeout": 2000
        }
      ],
      "passes": [],
      "failures": [],
      "pending": [],
      "skipped": [],
      "duration": 0,
      "root": true,
      "rootEmpty": true,
      "_timeout": 2000
    },
    {
      "uuid": "e291a592-da40-4af1-b1a5-b2fc03e50360",
      "title": "",
      "fullFile": "cypress\\e2e\\10-tipo-movimentacao.cy.js",
      "file": "cypress\\e2e\\10-tipo-movimentacao.cy.js",
      "beforeHooks": [],
      "afterHooks": [],
      "tests": [],
      "suites": [
        {
          "uuid": "db335145-2dee-4239-96f8-83f30022cc2a",
          "title": "Tipos de movimentação",
          "fullFile": "",
          "file": "",
          "beforeHooks": [],
          "afterHooks": [],
          "tests": [
            {
              "title": "Listar tipos de movimentação",
              "fullTitle": "Tipos de movimentação Listar tipos de movimentação",
              "timedOut": null,
              "duration": 2072,
              "state": "passed",
              "speed": "fast",
              "pass": true,
              "fail": false,
              "pending": false,
              "context": null,
              "code": "cy.visit(\"/tipos-movimentacao\");",
              "err": {},
              "uuid": "345862f5-bb81-4f9d-a850-b2ae7003707c",
              "parentUUID": "db335145-2dee-4239-96f8-83f30022cc2a",
              "isHook": false,
              "skipped": false
            },
            {
              "title": "Criar tipo de movimentação",
              "fullTitle": "Tipos de movimentação Criar tipo de movimentação",
              "timedOut": null,
              "duration": 1190,
              "state": "passed",
              "speed": "fast",
              "pass": true,
              "fail": false,
              "pending": false,
              "context": null,
              "code": "cy.get(\"#add\").click().then(() => {\n  cy.get(\"input[name=descricao]\").clear().type(tipoMovimentacao.descricao);\n  cy.get(\"select[name=tipo]\").select(tipoMovimentacao.tipo);\n  cy.get(\"form\").submit();\n  cy.url().should(\"equal\", `${Cypress.env(\"front_url\")}tipos-movimentacao`);\n});",
              "err": {},
              "uuid": "17a2a367-aef9-4241-a458-bd7a1c717ce0",
              "parentUUID": "db335145-2dee-4239-96f8-83f30022cc2a",
              "isHook": false,
              "skipped": false
            },
            {
              "title": "Atualizar tipo de movimentação",
              "fullTitle": "Tipos de movimentação Atualizar tipo de movimentação",
              "timedOut": null,
              "duration": 865,
              "state": "passed",
              "speed": "fast",
              "pass": true,
              "fail": false,
              "pending": false,
              "context": null,
              "code": "cy.get(`[aria-label=\"edit\"]`).first().click().then(() => {\n  cy.get(\"input[name=descricao]\").clear().type(tipoMovimentacaoUpdate.descricao);\n  cy.get(\"select[name=tipo]\").select(tipoMovimentacaoUpdate.tipo);\n  cy.get(\"form\").submit();\n  cy.url().should(\"equal\", `${Cypress.env(\"front_url\")}tipos-movimentacao`);\n});",
              "err": {},
              "uuid": "76a74e90-e3c4-4625-9ead-1d9800d71904",
              "parentUUID": "db335145-2dee-4239-96f8-83f30022cc2a",
              "isHook": false,
              "skipped": false
            },
            {
              "title": "Excluir tipo de movimentação",
              "fullTitle": "Tipos de movimentação Excluir tipo de movimentação",
              "timedOut": null,
              "duration": 242,
              "state": "passed",
              "speed": "fast",
              "pass": true,
              "fail": false,
              "pending": false,
              "context": null,
              "code": "cy.get(`[aria-label=\"delete\"]`).last().click().then(() => {\n  cy.contains(\"Deletar\").click();\n});",
              "err": {},
              "uuid": "475c5d89-a65d-49ed-aa57-b793ec35f801",
              "parentUUID": "db335145-2dee-4239-96f8-83f30022cc2a",
              "isHook": false,
              "skipped": false
            },
            {
              "title": "Exportar tipo de movimentaçãos",
              "fullTitle": "Tipos de movimentação Exportar tipo de movimentaçãos",
              "timedOut": null,
              "duration": 3118,
              "state": "passed",
              "speed": "fast",
              "pass": true,
              "fail": false,
              "pending": false,
              "context": null,
              "code": "cy.get(`#exportar`).click().then(() => {\n  cy.verifyDownload(\"tipos-movimentacao.pdf\");\n});",
              "err": {},
              "uuid": "8e3c3126-cc51-4d4f-8de4-09e646b5aaad",
              "parentUUID": "db335145-2dee-4239-96f8-83f30022cc2a",
              "isHook": false,
              "skipped": false
            }
          ],
          "suites": [],
          "passes": [
            "345862f5-bb81-4f9d-a850-b2ae7003707c",
            "17a2a367-aef9-4241-a458-bd7a1c717ce0",
            "76a74e90-e3c4-4625-9ead-1d9800d71904",
            "475c5d89-a65d-49ed-aa57-b793ec35f801",
            "8e3c3126-cc51-4d4f-8de4-09e646b5aaad"
          ],
          "failures": [],
          "pending": [],
          "skipped": [],
          "duration": 7487,
          "root": false,
          "rootEmpty": false,
          "_timeout": 2000
        }
      ],
      "passes": [],
      "failures": [],
      "pending": [],
      "skipped": [],
      "duration": 0,
      "root": true,
      "rootEmpty": true,
      "_timeout": 2000
    },
    {
      "uuid": "f6f5c0e8-f86f-41f2-86b5-dabb3b639e8d",
      "title": "",
      "fullFile": "cypress\\e2e\\11-cobrancas.cy.js",
      "file": "cypress\\e2e\\11-cobrancas.cy.js",
      "beforeHooks": [],
      "afterHooks": [],
      "tests": [],
      "suites": [
        {
          "uuid": "06bfd5ca-07b3-4fdd-9d2b-79f6e926cd6d",
          "title": "Cobranças",
          "fullFile": "",
          "file": "",
          "beforeHooks": [],
          "afterHooks": [],
          "tests": [
            {
              "title": "Listar cobranças",
              "fullTitle": "Cobranças Listar cobranças",
              "timedOut": null,
              "duration": 1421,
              "state": "passed",
              "speed": "fast",
              "pass": true,
              "fail": false,
              "pending": false,
              "context": null,
              "code": "cy.visit(\"/cobrancas\");",
              "err": {},
              "uuid": "5b063018-a60c-444b-a872-91b919241707",
              "parentUUID": "06bfd5ca-07b3-4fdd-9d2b-79f6e926cd6d",
              "isHook": false,
              "skipped": false
            },
            {
              "title": "Criar tipo de cobranças",
              "fullTitle": "Cobranças Criar tipo de cobranças",
              "timedOut": null,
              "duration": 2613,
              "state": "passed",
              "speed": "fast",
              "pass": true,
              "fail": false,
              "pending": false,
              "context": null,
              "code": "cy.get(\"#add\").click().then(() => {\n  cy.get(\"input[name=descricao]\").clear().type(cobranca.descricao);\n  cy.get(\"input[name=valor]\").clear().type(cobranca.valor);\n  cy.get(\"input[name=morador]\").click().focused().type(\"{downarrow}{enter}\", {\n    force: true\n  });\n  cy.get(\"button[name=carregarContas]\").click().then(() => {\n    cy.get(\"form\").submit();\n    cy.url().should(\"equal\", `${Cypress.env(\"front_url\")}cobrancas`);\n  });\n});",
              "err": {},
              "uuid": "74b5a584-3f44-4e70-b93e-8be6bd262c2f",
              "parentUUID": "06bfd5ca-07b3-4fdd-9d2b-79f6e926cd6d",
              "isHook": false,
              "skipped": false
            },
            {
              "title": "Atualizar tipo de cobranças",
              "fullTitle": "Cobranças Atualizar tipo de cobranças",
              "timedOut": null,
              "duration": 2742,
              "state": "passed",
              "speed": "fast",
              "pass": true,
              "fail": false,
              "pending": false,
              "context": null,
              "code": "cy.get(`[aria-label=\"edit\"]`).first().click().then(() => {\n  cy.get(\"input[name=descricao]\").clear().type(cobrancaUpdate.descricao);\n  cy.get(\"input[name=valor]\").clear().type(cobrancaUpdate.valor);\n  cy.get(\"input[name=morador]\").click().focused().type(\"{downarrow}{enter}\", {\n    force: true\n  });\n  cy.get(\"button[name=carregarContas]\").click().then(() => {\n    cy.get(\"form\").submit();\n    cy.url().should(\"equal\", `${Cypress.env(\"front_url\")}cobrancas`);\n  });\n});",
              "err": {},
              "uuid": "e09cdfbf-db4e-488d-a23c-c747dfa81ab7",
              "parentUUID": "06bfd5ca-07b3-4fdd-9d2b-79f6e926cd6d",
              "isHook": false,
              "skipped": false
            },
            {
              "title": "Imprimir cobrança",
              "fullTitle": "Cobranças Imprimir cobrança",
              "timedOut": null,
              "duration": 951,
              "state": "passed",
              "speed": "fast",
              "pass": true,
              "fail": false,
              "pending": false,
              "context": null,
              "code": "cy.get(`[aria-label=\"print\"]`).first().click();",
              "err": {},
              "uuid": "e3c11f35-a331-4f08-ad82-6841805a6872",
              "parentUUID": "06bfd5ca-07b3-4fdd-9d2b-79f6e926cd6d",
              "isHook": false,
              "skipped": false
            },
            {
              "title": "Enviar por email cobrança",
              "fullTitle": "Cobranças Enviar por email cobrança",
              "timedOut": null,
              "duration": 326,
              "state": "passed",
              "speed": "fast",
              "pass": true,
              "fail": false,
              "pending": false,
              "context": null,
              "code": "cy.get(`[aria-label=\"email\"]`).first().click().then(() => {\n  cy.get(`button[id=\"submit-email\"]`).click();\n});",
              "err": {},
              "uuid": "0e04ff94-d880-44d5-94a0-f7794c490e3b",
              "parentUUID": "06bfd5ca-07b3-4fdd-9d2b-79f6e926cd6d",
              "isHook": false,
              "skipped": false
            },
            {
              "title": "Excluir tipo de cobranças",
              "fullTitle": "Cobranças Excluir tipo de cobranças",
              "timedOut": null,
              "duration": 2880,
              "state": "passed",
              "speed": "fast",
              "pass": true,
              "fail": false,
              "pending": false,
              "context": null,
              "code": "cy.get(`[aria-label=\"delete\"]`).last().click().then(() => {\n  cy.contains(\"Deletar\").click();\n});",
              "err": {},
              "uuid": "45370a3d-408c-409c-9131-5b482e696879",
              "parentUUID": "06bfd5ca-07b3-4fdd-9d2b-79f6e926cd6d",
              "isHook": false,
              "skipped": false
            },
            {
              "title": "Exportar tipo de cobranças",
              "fullTitle": "Cobranças Exportar tipo de cobranças",
              "timedOut": null,
              "duration": 1730,
              "state": "passed",
              "speed": "fast",
              "pass": true,
              "fail": false,
              "pending": false,
              "context": null,
              "code": "cy.get(`#exportar`).click().then(() => {\n  cy.verifyDownload(\"cobrancas.pdf\");\n});",
              "err": {},
              "uuid": "d5672aff-7e06-40a8-897c-017856af2be4",
              "parentUUID": "06bfd5ca-07b3-4fdd-9d2b-79f6e926cd6d",
              "isHook": false,
              "skipped": false
            }
          ],
          "suites": [],
          "passes": [
            "5b063018-a60c-444b-a872-91b919241707",
            "74b5a584-3f44-4e70-b93e-8be6bd262c2f",
            "e09cdfbf-db4e-488d-a23c-c747dfa81ab7",
            "e3c11f35-a331-4f08-ad82-6841805a6872",
            "0e04ff94-d880-44d5-94a0-f7794c490e3b",
            "45370a3d-408c-409c-9131-5b482e696879",
            "d5672aff-7e06-40a8-897c-017856af2be4"
          ],
          "failures": [],
          "pending": [],
          "skipped": [],
          "duration": 12663,
          "root": false,
          "rootEmpty": false,
          "_timeout": 2000
        }
      ],
      "passes": [],
      "failures": [],
      "pending": [],
      "skipped": [],
      "duration": 0,
      "root": true,
      "rootEmpty": true,
      "_timeout": 2000
    },
    {
      "uuid": "c4495c34-114b-499d-9975-8adab2967342",
      "title": "",
      "fullFile": "cypress\\e2e\\01-login-super-admin.cy.js",
      "file": "cypress\\e2e\\01-login-super-admin.cy.js",
      "beforeHooks": [],
      "afterHooks": [],
      "tests": [],
      "suites": [
        {
          "uuid": "d4868c04-e6cb-417b-b358-19801f848b53",
          "title": "Login - Super Admin",
          "fullFile": "",
          "file": "",
          "beforeHooks": [],
          "afterHooks": [],
          "tests": [
            {
              "title": "Realizar Login - super admin",
              "fullTitle": "Login - Super Admin Realizar Login - super admin",
              "timedOut": null,
              "duration": 3271,
              "state": "passed",
              "speed": "fast",
              "pass": true,
              "fail": false,
              "pending": false,
              "context": null,
              "code": "cy.visit(\"/login\");\ncy.get(\"input[name=email]\").clear().type(usuario.email);\ncy.get(\"input[name=senha]\").clear().type(`${usuario.senha}{enter}`);\ncy.url().should('include', '/');",
              "err": {},
              "uuid": "51c5cf76-6827-40bc-9ae1-608004c9e66f",
              "parentUUID": "d4868c04-e6cb-417b-b358-19801f848b53",
              "isHook": false,
              "skipped": false
            }
          ],
          "suites": [],
          "passes": [
            "51c5cf76-6827-40bc-9ae1-608004c9e66f"
          ],
          "failures": [],
          "pending": [],
          "skipped": [],
          "duration": 3271,
          "root": false,
          "rootEmpty": false,
          "_timeout": 2000
        }
      ],
      "passes": [],
      "failures": [],
      "pending": [],
      "skipped": [],
      "duration": 0,
      "root": true,
      "rootEmpty": true,
      "_timeout": 2000
    }
  ],
  "meta": {
    "mocha": {
      "version": "7.0.1"
    },
    "mochawesome": {
      "options": {
        "quiet": false,
        "reportFilename": "mochawesome",
        "saveHtml": false,
        "saveJson": true,
        "consoleReporter": "spec",
        "useInlineDiffs": false,
        "code": true
      },
      "version": "7.1.3"
    },
    "marge": {
      "options": {
        "reportDir": "cypress/results",
        "overwrite": false,
        "html": false,
        "json": true
      },
      "version": "6.2.0"
    }
  }
}