{
  "stats": {
    "suites": 25,
    "tests": 90,
    "passes": 90,
    "pending": 0,
    "failures": 0,
    "start": "2023-02-09T02:02:10.312Z",
    "end": "2023-02-28T18:49:11.459Z",
    "duration": 169935,
    "testsRegistered": 90,
    "passPercent": 100,
    "pendingPercent": 0,
    "other": 0,
    "hasOther": false,
    "skipped": 0,
    "hasSkipped": false
  },
  "results": [
    {
      "uuid": "35fa58ae-8429-468b-b5d7-2ec288a7c701",
      "title": "",
      "fullFile": "cypress\\e2e\\02-login-admin.cy.js",
      "file": "cypress\\e2e\\02-login-admin.cy.js",
      "beforeHooks": [],
      "afterHooks": [],
      "tests": [],
      "suites": [
        {
          "uuid": "c8913961-8908-4451-ad6a-7556de924985",
          "title": "Login - Admin",
          "fullFile": "",
          "file": "",
          "beforeHooks": [],
          "afterHooks": [],
          "tests": [
            {
              "title": "Realizar Login - admin",
              "fullTitle": "Login - Admin Realizar Login - admin",
              "timedOut": null,
              "duration": 2071,
              "state": "passed",
              "speed": "fast",
              "pass": true,
              "fail": false,
              "pending": false,
              "context": null,
              "code": "cy.visit(\"/login\");\ncy.get(\"input[name=email]\").clear().type(_usuarioAdmin.admin.email);\ncy.get(\"input[name=senha]\").clear().type(`${_usuarioAdmin.admin.senha}{enter}`);\ncy.url().should(\"include\", \"/\");",
              "err": {},
              "uuid": "a14e4fe3-afa0-4c9b-9936-db58f7330a6e",
              "parentUUID": "c8913961-8908-4451-ad6a-7556de924985",
              "isHook": false,
              "skipped": false
            }
          ],
          "suites": [],
          "passes": [
            "a14e4fe3-afa0-4c9b-9936-db58f7330a6e"
          ],
          "failures": [],
          "pending": [],
          "skipped": [],
          "duration": 2071,
          "root": false,
          "rootEmpty": false,
          "_timeout": 2000
        },
        {
          "uuid": "fcaabf36-1efc-4dea-91a6-cc16dff54122",
          "title": "Recuperar senha",
          "fullFile": "",
          "file": "",
          "beforeHooks": [],
          "afterHooks": [],
          "tests": [
            {
              "title": "Recuperar a senha por email",
              "fullTitle": "Recuperar senha Recuperar a senha por email",
              "timedOut": null,
              "duration": 1939,
              "state": "passed",
              "speed": "fast",
              "pass": true,
              "fail": false,
              "pending": false,
              "context": null,
              "code": "cy.visit(\"/recuperar-senha\");\ncy.get(\"input[name=email]\").clear().type(_usuarioAdmin.admin.email).type(`${_usuarioAdmin.admin.senha}{enter}`);\ncy.url().should(\"include\", \"/\");",
              "err": {},
              "uuid": "d628f67f-138a-4051-92af-a0256da0dcb4",
              "parentUUID": "fcaabf36-1efc-4dea-91a6-cc16dff54122",
              "isHook": false,
              "skipped": false
            }
          ],
          "suites": [],
          "passes": [
            "d628f67f-138a-4051-92af-a0256da0dcb4"
          ],
          "failures": [],
          "pending": [],
          "skipped": [],
          "duration": 1939,
          "root": false,
          "rootEmpty": false,
          "_timeout": 2000
        }
      ],
      "passes": [],
      "failures": [],
      "pending": [],
      "skipped": [],
      "duration": 0,
      "root": true,
      "rootEmpty": true,
      "_timeout": 2000
    },
    {
      "uuid": "f69dac52-cc99-44fe-beb2-7f81bcd6129a",
      "title": "",
      "fullFile": "cypress\\e2e\\03-register-morador.cy.js",
      "file": "cypress\\e2e\\03-register-morador.cy.js",
      "beforeHooks": [],
      "afterHooks": [],
      "tests": [],
      "suites": [
        {
          "uuid": "af647fcc-73cb-40f1-9fc0-6aeec04f7fdc",
          "title": "Registro - Morador",
          "fullFile": "",
          "file": "",
          "beforeHooks": [],
          "afterHooks": [],
          "tests": [
            {
              "title": "Registrar-se em um condomínio",
              "fullTitle": "Registro - Morador Registrar-se em um condomínio",
              "timedOut": null,
              "duration": 4272,
              "state": "passed",
              "speed": "fast",
              "pass": true,
              "fail": false,
              "pending": false,
              "context": null,
              "code": "cy.visit(\"/register\");\ncy.get(\"input[name=codigoCondominio]\").clear().type(morador.codigoCondominio);\ncy.get(\"input[name=nome]\").clear().type(morador.nome);\ncy.get(\"input[name=apto]\").clear().type(morador.apto);\ncy.get(\"input[name=email]\").clear().type(\"novomorador1@gestaodecondominios.com.br\");\ncy.get(\"input[name=senha]\").clear().type(morador.senha);\ncy.get(\"input[name=confirmacaoSenha]\").clear().type(`${morador.senha}{enter}`);\ncy.url().should(\"equal\", `${Cypress.env(\"front_url\")}`);",
              "err": {},
              "uuid": "c8b4ceeb-ad87-4831-bce9-de48afe0b973",
              "parentUUID": "af647fcc-73cb-40f1-9fc0-6aeec04f7fdc",
              "isHook": false,
              "skipped": false
            }
          ],
          "suites": [],
          "passes": [
            "c8b4ceeb-ad87-4831-bce9-de48afe0b973"
          ],
          "failures": [],
          "pending": [],
          "skipped": [],
          "duration": 4272,
          "root": false,
          "rootEmpty": false,
          "_timeout": 2000
        }
      ],
      "passes": [],
      "failures": [],
      "pending": [],
      "skipped": [],
      "duration": 0,
      "root": true,
      "rootEmpty": true,
      "_timeout": 2000
    },
    {
      "uuid": "270fb1b3-741e-49c0-a780-d517fcf7a73a",
      "title": "",
      "fullFile": "cypress\\e2e\\04-login-morador.cy.js",
      "file": "cypress\\e2e\\04-login-morador.cy.js",
      "beforeHooks": [],
      "afterHooks": [],
      "tests": [],
      "suites": [
        {
          "uuid": "a1c02468-8f56-4b43-93a0-98756040f752",
          "title": "Login - Morador",
          "fullFile": "",
          "file": "",
          "beforeHooks": [],
          "afterHooks": [],
          "tests": [
            {
              "title": "Realizar Login - morador",
              "fullTitle": "Login - Morador Realizar Login - morador",
              "timedOut": null,
              "duration": 2772,
              "state": "passed",
              "speed": "fast",
              "pass": true,
              "fail": false,
              "pending": false,
              "context": null,
              "code": "cy.visit(\"/login\");\ncy.get(\"input[name=email]\").clear().type(morador.email);\ncy.get(\"input[name=senha]\").clear().type(`${morador.senha}{enter}`);\ncy.url().should('include', '/');",
              "err": {},
              "uuid": "8f634900-9a6a-4eb9-9086-5766554e12ee",
              "parentUUID": "a1c02468-8f56-4b43-93a0-98756040f752",
              "isHook": false,
              "skipped": false
            }
          ],
          "suites": [],
          "passes": [
            "8f634900-9a6a-4eb9-9086-5766554e12ee"
          ],
          "failures": [],
          "pending": [],
          "skipped": [],
          "duration": 2772,
          "root": false,
          "rootEmpty": false,
          "_timeout": 2000
        }
      ],
      "passes": [],
      "failures": [],
      "pending": [],
      "skipped": [],
      "duration": 0,
      "root": true,
      "rootEmpty": true,
      "_timeout": 2000
    },
    {
      "uuid": "1bb1bd69-7433-4369-920e-72d3439e608c",
      "title": "",
      "fullFile": "cypress\\e2e\\05-condominios.cy.js",
      "file": "cypress\\e2e\\05-condominios.cy.js",
      "beforeHooks": [],
      "afterHooks": [],
      "tests": [],
      "suites": [
        {
          "uuid": "ddc6d0a5-cd82-4b8e-a86f-907e2f1a824e",
          "title": "Condomínios",
          "fullFile": "",
          "file": "",
          "beforeHooks": [],
          "afterHooks": [],
          "tests": [
            {
              "title": "Listar condominios",
              "fullTitle": "Condomínios Listar condominios",
              "timedOut": null,
              "duration": 1304,
              "state": "passed",
              "speed": "fast",
              "pass": true,
              "fail": false,
              "pending": false,
              "context": null,
              "code": "cy.visit(\"/condominios\");",
              "err": {},
              "uuid": "cab40dac-f979-40ba-81f1-bdbb5c571ba9",
              "parentUUID": "ddc6d0a5-cd82-4b8e-a86f-907e2f1a824e",
              "isHook": false,
              "skipped": false
            },
            {
              "title": "Criar condominio",
              "fullTitle": "Condomínios Criar condominio",
              "timedOut": null,
              "duration": 3394,
              "state": "passed",
              "speed": "fast",
              "pass": true,
              "fail": false,
              "pending": false,
              "context": null,
              "code": "cy.get(\"#add\").click().then(() => {\n  cy.get(\"input[name=nome]\").clear().type(condominio.nome);\n  cy.get(\"input[name=endereco]\").clear().type(condominio.endereco);\n  cy.get(\"input[name=cidade]\").clear().type(condominio.cidade);\n  cy.get(\"input[name=uf]\").clear().type(condominio.uf);\n  cy.get(\"input[name=cep]\").clear().type(condominio.cep);\n  cy.get(\"input[name=codigoCondominio]\").clear().type((0, _uuid.v4)().substring(0, 5));\n  cy.get(\"button[name=save\").click();\n  cy.url().should(\"equal\", `${Cypress.env(\"front_url\")}condominios`);\n});",
              "err": {},
              "uuid": "b1ac8409-7062-4773-88b6-684aa3c95e52",
              "parentUUID": "ddc6d0a5-cd82-4b8e-a86f-907e2f1a824e",
              "isHook": false,
              "skipped": false
            },
            {
              "title": "Atualizar condominio",
              "fullTitle": "Condomínios Atualizar condominio",
              "timedOut": null,
              "duration": 2726,
              "state": "passed",
              "speed": "fast",
              "pass": true,
              "fail": false,
              "pending": false,
              "context": null,
              "code": "cy.get(`[aria-label=\"edit\"]`).first().click().then(() => {\n  cy.get(\"input[name=nome]\").clear().type(condominioUpdate.nome);\n  cy.get(\"input[name=endereco]\").clear().type(condominioUpdate.endereco);\n  cy.get(\"input[name=cidade]\").clear().type(condominioUpdate.cidade);\n  cy.get(\"input[name=uf]\").clear().type(condominioUpdate.uf);\n  cy.get(\"input[name=cep]\").clear().type(condominioUpdate.cep);\n  cy.get(\"button[name=save\").click();\n  cy.url().should(\"equal\", `${Cypress.env(\"front_url\")}condominios`);\n});",
              "err": {},
              "uuid": "ccead3d7-d8cc-4cb3-b8ab-8c9eaf95aff8",
              "parentUUID": "ddc6d0a5-cd82-4b8e-a86f-907e2f1a824e",
              "isHook": false,
              "skipped": false
            },
            {
              "title": "Excluir condominio",
              "fullTitle": "Condomínios Excluir condominio",
              "timedOut": null,
              "duration": 213,
              "state": "passed",
              "speed": "fast",
              "pass": true,
              "fail": false,
              "pending": false,
              "context": null,
              "code": "cy.get(`[aria-label=\"delete\"]`).last().click().then(() => {\n  cy.contains(\"Deletar\").click();\n});",
              "err": {},
              "uuid": "d166b925-86c1-4880-8b8b-11e200c5a4ee",
              "parentUUID": "ddc6d0a5-cd82-4b8e-a86f-907e2f1a824e",
              "isHook": false,
              "skipped": false
            },
            {
              "title": "Exportar condominios",
              "fullTitle": "Condomínios Exportar condominios",
              "timedOut": null,
              "duration": 2212,
              "state": "passed",
              "speed": "fast",
              "pass": true,
              "fail": false,
              "pending": false,
              "context": null,
              "code": "cy.get(`#exportar`).click().then(() => {\n  cy.verifyDownload(\"condominios.pdf\");\n});",
              "err": {},
              "uuid": "2aec3b9d-8e42-48cf-b3b4-168846035506",
              "parentUUID": "ddc6d0a5-cd82-4b8e-a86f-907e2f1a824e",
              "isHook": false,
              "skipped": false
            }
          ],
          "suites": [],
          "passes": [
            "cab40dac-f979-40ba-81f1-bdbb5c571ba9",
            "b1ac8409-7062-4773-88b6-684aa3c95e52",
            "ccead3d7-d8cc-4cb3-b8ab-8c9eaf95aff8",
            "d166b925-86c1-4880-8b8b-11e200c5a4ee",
            "2aec3b9d-8e42-48cf-b3b4-168846035506"
          ],
          "failures": [],
          "pending": [],
          "skipped": [],
          "duration": 9849,
          "root": false,
          "rootEmpty": false,
          "_timeout": 2000
        }
      ],
      "passes": [],
      "failures": [],
      "pending": [],
      "skipped": [],
      "duration": 0,
      "root": true,
      "rootEmpty": true,
      "_timeout": 2000
    },
    {
      "uuid": "bf6258ce-cbd8-402c-8371-83af6139e2ae",
      "title": "",
      "fullFile": "cypress\\e2e\\05-perfil.cy.js",
      "file": "cypress\\e2e\\05-perfil.cy.js",
      "beforeHooks": [],
      "afterHooks": [],
      "tests": [],
      "suites": [
        {
          "uuid": "1ad7f541-e089-47a5-a850-e6242683288a",
          "title": "Perfil",
          "fullFile": "",
          "file": "",
          "beforeHooks": [],
          "afterHooks": [],
          "tests": [
            {
              "title": "Atualizar perfil",
              "fullTitle": "Perfil Atualizar perfil",
              "timedOut": null,
              "duration": 4318,
              "state": "passed",
              "speed": "fast",
              "pass": true,
              "fail": false,
              "pending": false,
              "context": null,
              "code": "cy.visit(\"/perfil\");\ncy.get(\"input[name=nome]\").clear().type(usuarioUpdate.nome);\ncy.get(\"input[name=apto]\").clear().type(usuarioUpdate.apto);\ncy.get(\"input[name=bloco]\").clear().type(usuarioUpdate.bloco);\ncy.get(\"input[name=email]\").clear().type(usuarioUpdate.email);\ncy.get(\"input[name=telefone]\").clear().type(usuarioUpdate.telefone);\ncy.get(\"button[name=save\").click().then(() => {\n  cy.url().should(\"equal\", `${Cypress.env(\"front_url\")}`);\n});",
              "err": {},
              "uuid": "7ae972f9-6a06-4fda-a87c-28f356fa88d4",
              "parentUUID": "1ad7f541-e089-47a5-a850-e6242683288a",
              "isHook": false,
              "skipped": false
            },
            {
              "title": "Alterar senha",
              "fullTitle": "Perfil Alterar senha",
              "timedOut": null,
              "duration": 1533,
              "state": "passed",
              "speed": "fast",
              "pass": true,
              "fail": false,
              "pending": false,
              "context": null,
              "code": "cy.visit(\"/perfil\").then(() => {\n  cy.get(\"input[name=password]\").clear().type(usuarioUpdate.senha);\n  cy.get(\"input[name=confirm]\").clear().type(usuarioUpdate.senha);\n  cy.get(\"button[name=update-password\").click().then(() => {\n    cy.url().should('include', '/');\n  });\n});",
              "err": {},
              "uuid": "1c04bc1c-d0b4-4a01-8068-0ee5b5bf4232",
              "parentUUID": "1ad7f541-e089-47a5-a850-e6242683288a",
              "isHook": false,
              "skipped": false
            }
          ],
          "suites": [],
          "passes": [
            "7ae972f9-6a06-4fda-a87c-28f356fa88d4",
            "1c04bc1c-d0b4-4a01-8068-0ee5b5bf4232"
          ],
          "failures": [],
          "pending": [],
          "skipped": [],
          "duration": 5851,
          "root": false,
          "rootEmpty": false,
          "_timeout": 2000
        }
      ],
      "passes": [],
      "failures": [],
      "pending": [],
      "skipped": [],
      "duration": 0,
      "root": true,
      "rootEmpty": true,
      "_timeout": 2000
    },
    {
      "uuid": "136de76c-8d44-411e-b03e-f673e10a8bea",
      "title": "",
      "fullFile": "cypress\\e2e\\06-ocorrencias.cy.js",
      "file": "cypress\\e2e\\06-ocorrencias.cy.js",
      "beforeHooks": [],
      "afterHooks": [],
      "tests": [],
      "suites": [
        {
          "uuid": "ea9fcfa2-1b2e-41db-b0c6-a73537eadcb6",
          "title": "Ocorrências",
          "fullFile": "",
          "file": "",
          "beforeHooks": [],
          "afterHooks": [],
          "tests": [
            {
              "title": "Listar ocorrências",
              "fullTitle": "Ocorrências Listar ocorrências",
              "timedOut": null,
              "duration": 1583,
              "state": "passed",
              "speed": "fast",
              "pass": true,
              "fail": false,
              "pending": false,
              "context": null,
              "code": "cy.visit(\"/ocorrencias\");",
              "err": {},
              "uuid": "bf36a9d8-5008-49b3-8721-5bcd1c0da4e0",
              "parentUUID": "ea9fcfa2-1b2e-41db-b0c6-a73537eadcb6",
              "isHook": false,
              "skipped": false
            },
            {
              "title": "Criar ocorrência",
              "fullTitle": "Ocorrências Criar ocorrência",
              "timedOut": null,
              "duration": 2102,
              "state": "passed",
              "speed": "fast",
              "pass": true,
              "fail": false,
              "pending": false,
              "context": null,
              "code": "cy.get(\"#add\").click().then(() => {\n  cy.get(\"input[name=motivo]\").clear().type(ocorrencia.motivo);\n  cy.get(\"textarea[name=descricao]\").clear().type(ocorrencia.descricao);\n  cy.get(\"form\").submit();\n  cy.url().should('equal', `${Cypress.env('front_url')}ocorrencias`);\n});",
              "err": {},
              "uuid": "fa4e620b-e5b7-4c58-8cf5-c1aaca9ca42c",
              "parentUUID": "ea9fcfa2-1b2e-41db-b0c6-a73537eadcb6",
              "isHook": false,
              "skipped": false
            },
            {
              "title": "Atualizar ocorrência",
              "fullTitle": "Ocorrências Atualizar ocorrência",
              "timedOut": null,
              "duration": 1704,
              "state": "passed",
              "speed": "fast",
              "pass": true,
              "fail": false,
              "pending": false,
              "context": null,
              "code": "cy.get(`[aria-label=\"edit\"]`).first().click().then(() => {\n  cy.get(\"input[name=motivo]\").clear().type(ocorrenciaUpdate.motivo);\n  cy.get(\"textarea[name=descricao]\").clear().type(ocorrenciaUpdate.descricao);\n  cy.get(\"form\").submit();\n  cy.url().should('equal', `${Cypress.env('front_url')}ocorrencias`);\n});",
              "err": {},
              "uuid": "06ecbfaa-de28-49d5-a6d0-8445573fb9e3",
              "parentUUID": "ea9fcfa2-1b2e-41db-b0c6-a73537eadcb6",
              "isHook": false,
              "skipped": false
            },
            {
              "title": "Excluir ocorrência",
              "fullTitle": "Ocorrências Excluir ocorrência",
              "timedOut": null,
              "duration": 232,
              "state": "passed",
              "speed": "fast",
              "pass": true,
              "fail": false,
              "pending": false,
              "context": null,
              "code": "cy.get(`[aria-label=\"delete\"]`).first().click().then(() => {\n  cy.contains(\"Deletar\").click();\n});",
              "err": {},
              "uuid": "b2e7e9fd-137a-4bbd-a2db-4d22b6f8c6ed",
              "parentUUID": "ea9fcfa2-1b2e-41db-b0c6-a73537eadcb6",
              "isHook": false,
              "skipped": false
            },
            {
              "title": "Exportar ocorrências",
              "fullTitle": "Ocorrências Exportar ocorrências",
              "timedOut": null,
              "duration": 1975,
              "state": "passed",
              "speed": "fast",
              "pass": true,
              "fail": false,
              "pending": false,
              "context": null,
              "code": "cy.get(`#exportar`).click().then(() => {\n  cy.verifyDownload(\"ocorrencias.pdf\");\n});",
              "err": {},
              "uuid": "bde07041-8ce1-4c96-b8bf-11b7c1695dd0",
              "parentUUID": "ea9fcfa2-1b2e-41db-b0c6-a73537eadcb6",
              "isHook": false,
              "skipped": false
            }
          ],
          "suites": [],
          "passes": [
            "bf36a9d8-5008-49b3-8721-5bcd1c0da4e0",
            "fa4e620b-e5b7-4c58-8cf5-c1aaca9ca42c",
            "06ecbfaa-de28-49d5-a6d0-8445573fb9e3",
            "b2e7e9fd-137a-4bbd-a2db-4d22b6f8c6ed",
            "bde07041-8ce1-4c96-b8bf-11b7c1695dd0"
          ],
          "failures": [],
          "pending": [],
          "skipped": [],
          "duration": 7596,
          "root": false,
          "rootEmpty": false,
          "_timeout": 2000
        }
      ],
      "passes": [],
      "failures": [],
      "pending": [],
      "skipped": [],
      "duration": 0,
      "root": true,
      "rootEmpty": true,
      "_timeout": 2000
    },
    {
      "uuid": "90c1d839-41f5-4d36-bc14-36735000b873",
      "title": "",
      "fullFile": "cypress\\e2e\\07-moradores.cy.js",
      "file": "cypress\\e2e\\07-moradores.cy.js",
      "beforeHooks": [],
      "afterHooks": [],
      "tests": [],
      "suites": [
        {
          "uuid": "f34f779b-3dac-46fb-b107-2d4d719fef34",
          "title": "Moradores",
          "fullFile": "",
          "file": "",
          "beforeHooks": [],
          "afterHooks": [],
          "tests": [
            {
              "title": "Listar moradores",
              "fullTitle": "Moradores Listar moradores",
              "timedOut": null,
              "duration": 1232,
              "state": "passed",
              "speed": "fast",
              "pass": true,
              "fail": false,
              "pending": false,
              "context": null,
              "code": "cy.visit(\"/moradores\");",
              "err": {},
              "uuid": "cceb7727-cf28-4659-a22a-83c4a2e0e7b2",
              "parentUUID": "f34f779b-3dac-46fb-b107-2d4d719fef34",
              "isHook": false,
              "skipped": false
            },
            {
              "title": "Atualizar morador",
              "fullTitle": "Moradores Atualizar morador",
              "timedOut": null,
              "duration": 1110,
              "state": "passed",
              "speed": "fast",
              "pass": true,
              "fail": false,
              "pending": false,
              "context": null,
              "code": "cy.get(`[aria-label=\"edit\"]`).first().click().then(() => {\n  cy.get(\"input[name=apto]\").clear().type(moradorUpdate.apto);\n  cy.get(\"input[name=bloco]\").clear().type(moradorUpdate.bloco);\n  cy.get(\"button[name=save\").click();\n  cy.url().should(\"equal\", `${Cypress.env(\"front_url\")}moradores`);\n});",
              "err": {},
              "uuid": "ff618571-cb70-492b-b961-7ff7c0e9524b",
              "parentUUID": "f34f779b-3dac-46fb-b107-2d4d719fef34",
              "isHook": false,
              "skipped": false
            },
            {
              "title": "Excluir morador",
              "fullTitle": "Moradores Excluir morador",
              "timedOut": null,
              "duration": 237,
              "state": "passed",
              "speed": "fast",
              "pass": true,
              "fail": false,
              "pending": false,
              "context": null,
              "code": "cy.contains(\"novomorador1@gestaodecondominios.com.br\").parents(\"tr\").find(\"button\").eq(1).click().then(() => {\n  cy.contains(\"Deletar\").click();\n});",
              "err": {},
              "uuid": "713f0f3a-49e6-451e-96d0-3d290638fc63",
              "parentUUID": "f34f779b-3dac-46fb-b107-2d4d719fef34",
              "isHook": false,
              "skipped": false
            },
            {
              "title": "Exportar moradores",
              "fullTitle": "Moradores Exportar moradores",
              "timedOut": null,
              "duration": 1982,
              "state": "passed",
              "speed": "fast",
              "pass": true,
              "fail": false,
              "pending": false,
              "context": null,
              "code": "cy.get(`#exportar`).click().then(() => {\n  cy.verifyDownload(\"moradores.pdf\");\n});",
              "err": {},
              "uuid": "b07376ff-5ad7-42b5-a4fb-80c6fac82d76",
              "parentUUID": "f34f779b-3dac-46fb-b107-2d4d719fef34",
              "isHook": false,
              "skipped": false
            },
            {
              "title": "Enviar convite por email",
              "fullTitle": "Moradores Enviar convite por email",
              "timedOut": null,
              "duration": 2604,
              "state": "passed",
              "speed": "fast",
              "pass": true,
              "fail": false,
              "pending": false,
              "context": null,
              "code": "cy.get(\"#convite\").click().then(() => {\n  cy.get(\".swal2-deny\").click().then(() => {\n    cy.wait(500);\n    cy.get(\"input[name=email]\").type(`${(0, _uuid.v4)()}${moradorUpdate.email}`);\n    cy.wait(500);\n    cy.get(\"button[name=send\").click();\n  });\n});",
              "err": {},
              "uuid": "2390dc7c-ac21-4d5c-921b-db7debf85e44",
              "parentUUID": "f34f779b-3dac-46fb-b107-2d4d719fef34",
              "isHook": false,
              "skipped": false
            }
          ],
          "suites": [],
          "passes": [
            "cceb7727-cf28-4659-a22a-83c4a2e0e7b2",
            "ff618571-cb70-492b-b961-7ff7c0e9524b",
            "713f0f3a-49e6-451e-96d0-3d290638fc63",
            "b07376ff-5ad7-42b5-a4fb-80c6fac82d76",
            "2390dc7c-ac21-4d5c-921b-db7debf85e44"
          ],
          "failures": [],
          "pending": [],
          "skipped": [],
          "duration": 7165,
          "root": false,
          "rootEmpty": false,
          "_timeout": 2000
        }
      ],
      "passes": [],
      "failures": [],
      "pending": [],
      "skipped": [],
      "duration": 0,
      "root": true,
      "rootEmpty": true,
      "_timeout": 2000
    },
    {
      "uuid": "5bddb5d0-ffea-46b6-a972-08d161f2785e",
      "title": "",
      "fullFile": "cypress\\e2e\\08-usuarios.cy.js",
      "file": "cypress\\e2e\\08-usuarios.cy.js",
      "beforeHooks": [],
      "afterHooks": [],
      "tests": [],
      "suites": [
        {
          "uuid": "4313f87d-ec56-4a04-9c41-7b9920c2f4b6",
          "title": "Usuários",
          "fullFile": "",
          "file": "",
          "beforeHooks": [],
          "afterHooks": [],
          "tests": [
            {
              "title": "Listar usuários",
              "fullTitle": "Usuários Listar usuários",
              "timedOut": null,
              "duration": 1693,
              "state": "passed",
              "speed": "fast",
              "pass": true,
              "fail": false,
              "pending": false,
              "context": null,
              "code": "cy.visit(\"/usuarios\");",
              "err": {},
              "uuid": "aeab96f9-6644-401e-8b1d-5a74e05a16eb",
              "parentUUID": "4313f87d-ec56-4a04-9c41-7b9920c2f4b6",
              "isHook": false,
              "skipped": false
            },
            {
              "title": "Criar usuário",
              "fullTitle": "Usuários Criar usuário",
              "timedOut": null,
              "duration": 2872,
              "state": "passed",
              "speed": "fast",
              "pass": true,
              "fail": false,
              "pending": false,
              "context": null,
              "code": "cy.get(\"#add\").click().then(() => {\n  cy.get(\"input[name=nome]\").clear().type(usuario.nome);\n  cy.get(\"input[name=email]\").clear().type(\"novomorador2@gestaodecondominios.com.br\");\n  cy.get(\"input[name=senha]\").clear().type(usuario.senha);\n  cy.get(\"input[name=confirmacaoSenha]\").clear().type(usuario.senha);\n  cy.get(\"button[name=save\").click();\n  cy.url().should(\"equal\", `${Cypress.env(\"front_url\")}usuarios`);\n});",
              "err": {},
              "uuid": "d3092871-97a9-4b96-b4b0-2efc82830f53",
              "parentUUID": "4313f87d-ec56-4a04-9c41-7b9920c2f4b6",
              "isHook": false,
              "skipped": false
            },
            {
              "title": "Atualizar usuário",
              "fullTitle": "Usuários Atualizar usuário",
              "timedOut": null,
              "duration": 692,
              "state": "passed",
              "speed": "fast",
              "pass": true,
              "fail": false,
              "pending": false,
              "context": null,
              "code": "cy.contains(\"novomorador2@gestaodecondominios.com.br\").parents(\"tr\").find(\"button\").eq(0).click().then(() => {\n  cy.get(\"input[name=nome]\").clear().type(usuarioUpdate.nome);\n  cy.get(\"form\").submit();\n  cy.url().should(\"equal\", `${Cypress.env(\"front_url\")}usuarios`);\n});",
              "err": {},
              "uuid": "387f8055-a066-483c-9092-0c1313ebd408",
              "parentUUID": "4313f87d-ec56-4a04-9c41-7b9920c2f4b6",
              "isHook": false,
              "skipped": false
            },
            {
              "title": "Excluir usuário",
              "fullTitle": "Usuários Excluir usuário",
              "timedOut": null,
              "duration": 246,
              "state": "passed",
              "speed": "fast",
              "pass": true,
              "fail": false,
              "pending": false,
              "context": null,
              "code": "cy.contains(\"novomorador2@gestaodecondominios.com.br\").parents(\"tr\").find(\"button\").eq(1).click().then(() => {\n  cy.contains(\"Deletar\").click();\n});",
              "err": {},
              "uuid": "a4affe25-02c7-4d48-a4bf-7bc5fdb681bc",
              "parentUUID": "4313f87d-ec56-4a04-9c41-7b9920c2f4b6",
              "isHook": false,
              "skipped": false
            },
            {
              "title": "Exportar usuários",
              "fullTitle": "Usuários Exportar usuários",
              "timedOut": null,
              "duration": 2084,
              "state": "passed",
              "speed": "fast",
              "pass": true,
              "fail": false,
              "pending": false,
              "context": null,
              "code": "cy.get(`#exportar`).click().then(() => {\n  cy.verifyDownload(\"usuarios.pdf\");\n});",
              "err": {},
              "uuid": "81c5463f-fbac-4513-88c8-127260d4446c",
              "parentUUID": "4313f87d-ec56-4a04-9c41-7b9920c2f4b6",
              "isHook": false,
              "skipped": false
            }
          ],
          "suites": [],
          "passes": [
            "aeab96f9-6644-401e-8b1d-5a74e05a16eb",
            "d3092871-97a9-4b96-b4b0-2efc82830f53",
            "387f8055-a066-483c-9092-0c1313ebd408",
            "a4affe25-02c7-4d48-a4bf-7bc5fdb681bc",
            "81c5463f-fbac-4513-88c8-127260d4446c"
          ],
          "failures": [],
          "pending": [],
          "skipped": [],
          "duration": 7587,
          "root": false,
          "rootEmpty": false,
          "_timeout": 2000
        }
      ],
      "passes": [],
      "failures": [],
      "pending": [],
      "skipped": [],
      "duration": 0,
      "root": true,
      "rootEmpty": true,
      "_timeout": 2000
    },
    {
      "uuid": "f40e6206-60c8-42c2-8e99-90e75969877f",
      "title": "",
      "fullFile": "cypress\\e2e\\09-tipo-leitura.cy.js",
      "file": "cypress\\e2e\\09-tipo-leitura.cy.js",
      "beforeHooks": [],
      "afterHooks": [],
      "tests": [],
      "suites": [
        {
          "uuid": "748280ed-8371-4a6e-ba03-df13c44d8ca5",
          "title": "Tipos de Leitura",
          "fullFile": "",
          "file": "",
          "beforeHooks": [],
          "afterHooks": [],
          "tests": [
            {
              "title": "Listar tipos de leitura",
              "fullTitle": "Tipos de Leitura Listar tipos de leitura",
              "timedOut": null,
              "duration": 1742,
              "state": "passed",
              "speed": "fast",
              "pass": true,
              "fail": false,
              "pending": false,
              "context": null,
              "code": "cy.visit(\"/tipos-leitura\");",
              "err": {},
              "uuid": "25bd226a-ae2b-40c0-b13f-b7b649d7607b",
              "parentUUID": "748280ed-8371-4a6e-ba03-df13c44d8ca5",
              "isHook": false,
              "skipped": false
            },
            {
              "title": "Criar tipo de leitura",
              "fullTitle": "Tipos de Leitura Criar tipo de leitura",
              "timedOut": null,
              "duration": 1796,
              "state": "passed",
              "speed": "fast",
              "pass": true,
              "fail": false,
              "pending": false,
              "context": null,
              "code": "cy.get(\"#add\").click().then(() => {\n  cy.get(\"input[name=descricao]\").clear().type(tipoLeitura.descricao);\n  cy.get(\"input[name=unidadeMedida]\").clear().type(tipoLeitura.unidadeMedida);\n  cy.get(\"input[name=taxaFixa]\").clear().type(tipoLeitura.taxaFixa);\n  cy.get(\"input[name=valorUnidade]\").clear().type(tipoLeitura.valorUnidade);\n  cy.get(\"form\").submit();\n  cy.url().should('equal', `${Cypress.env('front_url')}tipos-leitura`);\n});",
              "err": {},
              "uuid": "74219042-a0de-4f3b-913b-3c430c458ac5",
              "parentUUID": "748280ed-8371-4a6e-ba03-df13c44d8ca5",
              "isHook": false,
              "skipped": false
            },
            {
              "title": "Atualizar tipo de leitura",
              "fullTitle": "Tipos de Leitura Atualizar tipo de leitura",
              "timedOut": null,
              "duration": 1279,
              "state": "passed",
              "speed": "fast",
              "pass": true,
              "fail": false,
              "pending": false,
              "context": null,
              "code": "cy.get(`[aria-label=\"edit\"]`).first().click().then(() => {\n  cy.get(\"input[name=descricao]\").clear().type(tipoLeituraUpdate.descricao);\n  cy.get(\"input[name=unidadeMedida]\").clear().type(tipoLeituraUpdate.unidadeMedida);\n  cy.get(\"input[name=taxaFixa]\").clear().type(tipoLeituraUpdate.taxaFixa);\n  cy.get(\"input[name=valorUnidade]\").clear().type(tipoLeituraUpdate.valorUnidade);\n  cy.get(\"form\").submit();\n  cy.url().should('equal', `${Cypress.env('front_url')}tipos-leitura`);\n});",
              "err": {},
              "uuid": "5c0d8e36-4286-4674-afc2-dcd6839c0314",
              "parentUUID": "748280ed-8371-4a6e-ba03-df13c44d8ca5",
              "isHook": false,
              "skipped": false
            },
            {
              "title": "Excluir tipo de leitura",
              "fullTitle": "Tipos de Leitura Excluir tipo de leitura",
              "timedOut": null,
              "duration": 226,
              "state": "passed",
              "speed": "fast",
              "pass": true,
              "fail": false,
              "pending": false,
              "context": null,
              "code": "cy.get(`[aria-label=\"delete\"]`).last().click().then(() => {\n  cy.contains(\"Deletar\").click();\n});",
              "err": {},
              "uuid": "4e919d73-01ca-4d9b-ad8f-9ba5350b0a28",
              "parentUUID": "748280ed-8371-4a6e-ba03-df13c44d8ca5",
              "isHook": false,
              "skipped": false
            },
            {
              "title": "Exportar tipo de leituras",
              "fullTitle": "Tipos de Leitura Exportar tipo de leituras",
              "timedOut": null,
              "duration": 2381,
              "state": "passed",
              "speed": "fast",
              "pass": true,
              "fail": false,
              "pending": false,
              "context": null,
              "code": "cy.get(`#exportar`).click().then(() => {\n  cy.verifyDownload(\"tipos-leitura.pdf\");\n});",
              "err": {},
              "uuid": "dc42eb2b-9327-428f-a690-aa045f088740",
              "parentUUID": "748280ed-8371-4a6e-ba03-df13c44d8ca5",
              "isHook": false,
              "skipped": false
            }
          ],
          "suites": [],
          "passes": [
            "25bd226a-ae2b-40c0-b13f-b7b649d7607b",
            "74219042-a0de-4f3b-913b-3c430c458ac5",
            "5c0d8e36-4286-4674-afc2-dcd6839c0314",
            "4e919d73-01ca-4d9b-ad8f-9ba5350b0a28",
            "dc42eb2b-9327-428f-a690-aa045f088740"
          ],
          "failures": [],
          "pending": [],
          "skipped": [],
          "duration": 7424,
          "root": false,
          "rootEmpty": false,
          "_timeout": 2000
        }
      ],
      "passes": [],
      "failures": [],
      "pending": [],
      "skipped": [],
      "duration": 0,
      "root": true,
      "rootEmpty": true,
      "_timeout": 2000
    },
    {
      "uuid": "e291a592-da40-4af1-b1a5-b2fc03e50360",
      "title": "",
      "fullFile": "cypress\\e2e\\10-tipo-movimentacao.cy.js",
      "file": "cypress\\e2e\\10-tipo-movimentacao.cy.js",
      "beforeHooks": [],
      "afterHooks": [],
      "tests": [],
      "suites": [
        {
          "uuid": "db335145-2dee-4239-96f8-83f30022cc2a",
          "title": "Tipos de movimentação",
          "fullFile": "",
          "file": "",
          "beforeHooks": [],
          "afterHooks": [],
          "tests": [
            {
              "title": "Listar tipos de movimentação",
              "fullTitle": "Tipos de movimentação Listar tipos de movimentação",
              "timedOut": null,
              "duration": 2072,
              "state": "passed",
              "speed": "fast",
              "pass": true,
              "fail": false,
              "pending": false,
              "context": null,
              "code": "cy.visit(\"/tipos-movimentacao\");",
              "err": {},
              "uuid": "345862f5-bb81-4f9d-a850-b2ae7003707c",
              "parentUUID": "db335145-2dee-4239-96f8-83f30022cc2a",
              "isHook": false,
              "skipped": false
            },
            {
              "title": "Criar tipo de movimentação",
              "fullTitle": "Tipos de movimentação Criar tipo de movimentação",
              "timedOut": null,
              "duration": 1190,
              "state": "passed",
              "speed": "fast",
              "pass": true,
              "fail": false,
              "pending": false,
              "context": null,
              "code": "cy.get(\"#add\").click().then(() => {\n  cy.get(\"input[name=descricao]\").clear().type(tipoMovimentacao.descricao);\n  cy.get(\"select[name=tipo]\").select(tipoMovimentacao.tipo);\n  cy.get(\"form\").submit();\n  cy.url().should(\"equal\", `${Cypress.env(\"front_url\")}tipos-movimentacao`);\n});",
              "err": {},
              "uuid": "17a2a367-aef9-4241-a458-bd7a1c717ce0",
              "parentUUID": "db335145-2dee-4239-96f8-83f30022cc2a",
              "isHook": false,
              "skipped": false
            },
            {
              "title": "Atualizar tipo de movimentação",
              "fullTitle": "Tipos de movimentação Atualizar tipo de movimentação",
              "timedOut": null,
              "duration": 865,
              "state": "passed",
              "speed": "fast",
              "pass": true,
              "fail": false,
              "pending": false,
              "context": null,
              "code": "cy.get(`[aria-label=\"edit\"]`).first().click().then(() => {\n  cy.get(\"input[name=descricao]\").clear().type(tipoMovimentacaoUpdate.descricao);\n  cy.get(\"select[name=tipo]\").select(tipoMovimentacaoUpdate.tipo);\n  cy.get(\"form\").submit();\n  cy.url().should(\"equal\", `${Cypress.env(\"front_url\")}tipos-movimentacao`);\n});",
              "err": {},
              "uuid": "76a74e90-e3c4-4625-9ead-1d9800d71904",
              "parentUUID": "db335145-2dee-4239-96f8-83f30022cc2a",
              "isHook": false,
              "skipped": false
            },
            {
              "title": "Excluir tipo de movimentação",
              "fullTitle": "Tipos de movimentação Excluir tipo de movimentação",
              "timedOut": null,
              "duration": 242,
              "state": "passed",
              "speed": "fast",
              "pass": true,
              "fail": false,
              "pending": false,
              "context": null,
              "code": "cy.get(`[aria-label=\"delete\"]`).last().click().then(() => {\n  cy.contains(\"Deletar\").click();\n});",
              "err": {},
              "uuid": "475c5d89-a65d-49ed-aa57-b793ec35f801",
              "parentUUID": "db335145-2dee-4239-96f8-83f30022cc2a",
              "isHook": false,
              "skipped": false
            },
            {
              "title": "Exportar tipo de movimentaçãos",
              "fullTitle": "Tipos de movimentação Exportar tipo de movimentaçãos",
              "timedOut": null,
              "duration": 3118,
              "state": "passed",
              "speed": "fast",
              "pass": true,
              "fail": false,
              "pending": false,
              "context": null,
              "code": "cy.get(`#exportar`).click().then(() => {\n  cy.verifyDownload(\"tipos-movimentacao.pdf\");\n});",
              "err": {},
              "uuid": "8e3c3126-cc51-4d4f-8de4-09e646b5aaad",
              "parentUUID": "db335145-2dee-4239-96f8-83f30022cc2a",
              "isHook": false,
              "skipped": false
            }
          ],
          "suites": [],
          "passes": [
            "345862f5-bb81-4f9d-a850-b2ae7003707c",
            "17a2a367-aef9-4241-a458-bd7a1c717ce0",
            "76a74e90-e3c4-4625-9ead-1d9800d71904",
            "475c5d89-a65d-49ed-aa57-b793ec35f801",
            "8e3c3126-cc51-4d4f-8de4-09e646b5aaad"
          ],
          "failures": [],
          "pending": [],
          "skipped": [],
          "duration": 7487,
          "root": false,
          "rootEmpty": false,
          "_timeout": 2000
        }
      ],
      "passes": [],
      "failures": [],
      "pending": [],
      "skipped": [],
      "duration": 0,
      "root": true,
      "rootEmpty": true,
      "_timeout": 2000
    },
    {
      "uuid": "f6f5c0e8-f86f-41f2-86b5-dabb3b639e8d",
      "title": "",
      "fullFile": "cypress\\e2e\\11-cobrancas.cy.js",
      "file": "cypress\\e2e\\11-cobrancas.cy.js",
      "beforeHooks": [],
      "afterHooks": [],
      "tests": [],
      "suites": [
        {
          "uuid": "06bfd5ca-07b3-4fdd-9d2b-79f6e926cd6d",
          "title": "Cobranças",
          "fullFile": "",
          "file": "",
          "beforeHooks": [],
          "afterHooks": [],
          "tests": [
            {
              "title": "Listar cobranças",
              "fullTitle": "Cobranças Listar cobranças",
              "timedOut": null,
              "duration": 1421,
              "state": "passed",
              "speed": "fast",
              "pass": true,
              "fail": false,
              "pending": false,
              "context": null,
              "code": "cy.visit(\"/cobrancas\");",
              "err": {},
              "uuid": "5b063018-a60c-444b-a872-91b919241707",
              "parentUUID": "06bfd5ca-07b3-4fdd-9d2b-79f6e926cd6d",
              "isHook": false,
              "skipped": false
            },
            {
              "title": "Criar tipo de cobranças",
              "fullTitle": "Cobranças Criar tipo de cobranças",
              "timedOut": null,
              "duration": 2613,
              "state": "passed",
              "speed": "fast",
              "pass": true,
              "fail": false,
              "pending": false,
              "context": null,
              "code": "cy.get(\"#add\").click().then(() => {\n  cy.get(\"input[name=descricao]\").clear().type(cobranca.descricao);\n  cy.get(\"input[name=valor]\").clear().type(cobranca.valor);\n  cy.get(\"input[name=morador]\").click().focused().type(\"{downarrow}{enter}\", {\n    force: true\n  });\n  cy.get(\"button[name=carregarContas]\").click().then(() => {\n    cy.get(\"form\").submit();\n    cy.url().should(\"equal\", `${Cypress.env(\"front_url\")}cobrancas`);\n  });\n});",
              "err": {},
              "uuid": "74b5a584-3f44-4e70-b93e-8be6bd262c2f",
              "parentUUID": "06bfd5ca-07b3-4fdd-9d2b-79f6e926cd6d",
              "isHook": false,
              "skipped": false
            },
            {
              "title": "Atualizar tipo de cobranças",
              "fullTitle": "Cobranças Atualizar tipo de cobranças",
              "timedOut": null,
              "duration": 2742,
              "state": "passed",
              "speed": "fast",
              "pass": true,
              "fail": false,
              "pending": false,
              "context": null,
              "code": "cy.get(`[aria-label=\"edit\"]`).first().click().then(() => {\n  cy.get(\"input[name=descricao]\").clear().type(cobrancaUpdate.descricao);\n  cy.get(\"input[name=valor]\").clear().type(cobrancaUpdate.valor);\n  cy.get(\"input[name=morador]\").click().focused().type(\"{downarrow}{enter}\", {\n    force: true\n  });\n  cy.get(\"button[name=carregarContas]\").click().then(() => {\n    cy.get(\"form\").submit();\n    cy.url().should(\"equal\", `${Cypress.env(\"front_url\")}cobrancas`);\n  });\n});",
              "err": {},
              "uuid": "e09cdfbf-db4e-488d-a23c-c747dfa81ab7",
              "parentUUID": "06bfd5ca-07b3-4fdd-9d2b-79f6e926cd6d",
              "isHook": false,
              "skipped": false
            },
            {
              "title": "Imprimir cobrança",
              "fullTitle": "Cobranças Imprimir cobrança",
              "timedOut": null,
              "duration": 951,
              "state": "passed",
              "speed": "fast",
              "pass": true,
              "fail": false,
              "pending": false,
              "context": null,
              "code": "cy.get(`[aria-label=\"print\"]`).first().click();",
              "err": {},
              "uuid": "e3c11f35-a331-4f08-ad82-6841805a6872",
              "parentUUID": "06bfd5ca-07b3-4fdd-9d2b-79f6e926cd6d",
              "isHook": false,
              "skipped": false
            },
            {
              "title": "Enviar por email cobrança",
              "fullTitle": "Cobranças Enviar por email cobrança",
              "timedOut": null,
              "duration": 326,
              "state": "passed",
              "speed": "fast",
              "pass": true,
              "fail": false,
              "pending": false,
              "context": null,
              "code": "cy.get(`[aria-label=\"email\"]`).first().click().then(() => {\n  cy.get(`button[id=\"submit-email\"]`).click();\n});",
              "err": {},
              "uuid": "0e04ff94-d880-44d5-94a0-f7794c490e3b",
              "parentUUID": "06bfd5ca-07b3-4fdd-9d2b-79f6e926cd6d",
              "isHook": false,
              "skipped": false
            },
            {
              "title": "Excluir tipo de cobranças",
              "fullTitle": "Cobranças Excluir tipo de cobranças",
              "timedOut": null,
              "duration": 2880,
              "state": "passed",
              "speed": "fast",
              "pass": true,
              "fail": false,
              "pending": false,
              "context": null,
              "code": "cy.get(`[aria-label=\"delete\"]`).last().click().then(() => {\n  cy.contains(\"Deletar\").click();\n});",
              "err": {},
              "uuid": "45370a3d-408c-409c-9131-5b482e696879",
              "parentUUID": "06bfd5ca-07b3-4fdd-9d2b-79f6e926cd6d",
              "isHook": false,
              "skipped": false
            },
            {
              "title": "Exportar tipo de cobranças",
              "fullTitle": "Cobranças Exportar tipo de cobranças",
              "timedOut": null,
              "duration": 1730,
              "state": "passed",
              "speed": "fast",
              "pass": true,
              "fail": false,
              "pending": false,
              "context": null,
              "code": "cy.get(`#exportar`).click().then(() => {\n  cy.verifyDownload(\"cobrancas.pdf\");\n});",
              "err": {},
              "uuid": "d5672aff-7e06-40a8-897c-017856af2be4",
              "parentUUID": "06bfd5ca-07b3-4fdd-9d2b-79f6e926cd6d",
              "isHook": false,
              "skipped": false
            }
          ],
          "suites": [],
          "passes": [
            "5b063018-a60c-444b-a872-91b919241707",
            "74b5a584-3f44-4e70-b93e-8be6bd262c2f",
            "e09cdfbf-db4e-488d-a23c-c747dfa81ab7",
            "e3c11f35-a331-4f08-ad82-6841805a6872",
            "0e04ff94-d880-44d5-94a0-f7794c490e3b",
            "45370a3d-408c-409c-9131-5b482e696879",
            "d5672aff-7e06-40a8-897c-017856af2be4"
          ],
          "failures": [],
          "pending": [],
          "skipped": [],
          "duration": 12663,
          "root": false,
          "rootEmpty": false,
          "_timeout": 2000
        }
      ],
      "passes": [],
      "failures": [],
      "pending": [],
      "skipped": [],
      "duration": 0,
      "root": true,
      "rootEmpty": true,
      "_timeout": 2000
    },
    {
      "uuid": "25c3cd35-e0fa-4771-b282-3c28730c2e0c",
      "title": "",
      "fullFile": "cypress\\e2e\\01-login-super-admin.cy.js",
      "file": "cypress\\e2e\\01-login-super-admin.cy.js",
      "beforeHooks": [],
      "afterHooks": [],
      "tests": [],
      "suites": [
        {
          "uuid": "2d9e7501-d82d-47bd-a74d-c3f9aa99e207",
          "title": "Login - Super Admin",
          "fullFile": "",
          "file": "",
          "beforeHooks": [],
          "afterHooks": [],
          "tests": [
            {
              "title": "Realizar Login - super admin",
              "fullTitle": "Login - Super Admin Realizar Login - super admin",
              "timedOut": null,
              "duration": 3490,
              "state": "passed",
              "speed": "fast",
              "pass": true,
              "fail": false,
              "pending": false,
              "context": null,
              "code": "cy.visit(\"/login\");\ncy.get(\"input[name=email]\").clear().type(usuario.email);\ncy.get(\"input[name=senha]\").clear().type(`${usuario.senha}{enter}`);\ncy.url().should('include', '/');",
              "err": {},
              "uuid": "735c1370-5163-41e4-b889-aeac7dd3f0b4",
              "parentUUID": "2d9e7501-d82d-47bd-a74d-c3f9aa99e207",
              "isHook": false,
              "skipped": false
            }
          ],
          "suites": [],
          "passes": [
            "735c1370-5163-41e4-b889-aeac7dd3f0b4"
          ],
          "failures": [],
          "pending": [],
          "skipped": [],
          "duration": 3490,
          "root": false,
          "rootEmpty": false,
          "_timeout": 2000
        }
      ],
      "passes": [],
      "failures": [],
      "pending": [],
      "skipped": [],
      "duration": 0,
      "root": true,
      "rootEmpty": true,
      "_timeout": 2000
    },
    {
      "uuid": "6457d84a-953b-4d66-8f6e-f28c9be97435",
      "title": "",
      "fullFile": "cypress\\e2e\\02-login-admin.cy.js",
      "file": "cypress\\e2e\\02-login-admin.cy.js",
      "beforeHooks": [],
      "afterHooks": [],
      "tests": [],
      "suites": [
        {
          "uuid": "f24175f2-07ad-4377-ae40-3b5f564f77ba",
          "title": "Login - Admin",
          "fullFile": "",
          "file": "",
          "beforeHooks": [],
          "afterHooks": [],
          "tests": [
            {
              "title": "Realizar Login - admin",
              "fullTitle": "Login - Admin Realizar Login - admin",
              "timedOut": null,
              "duration": 2067,
              "state": "passed",
              "speed": "fast",
              "pass": true,
              "fail": false,
              "pending": false,
              "context": null,
              "code": "cy.visit(\"/login\");\ncy.get(\"input[name=email]\").clear().type(_usuarioAdmin.admin.email);\ncy.get(\"input[name=senha]\").clear().type(`${_usuarioAdmin.admin.senha}{enter}`);\ncy.url().should(\"include\", \"/\");",
              "err": {},
              "uuid": "0d3bdb8e-14c1-4393-af74-83fe94713075",
              "parentUUID": "f24175f2-07ad-4377-ae40-3b5f564f77ba",
              "isHook": false,
              "skipped": false
            }
          ],
          "suites": [],
          "passes": [
            "0d3bdb8e-14c1-4393-af74-83fe94713075"
          ],
          "failures": [],
          "pending": [],
          "skipped": [],
          "duration": 2067,
          "root": false,
          "rootEmpty": false,
          "_timeout": 2000
        },
        {
          "uuid": "2b1f11d3-b15e-43a5-910f-4a889a3f37df",
          "title": "Recuperar senha",
          "fullFile": "",
          "file": "",
          "beforeHooks": [],
          "afterHooks": [],
          "tests": [
            {
              "title": "Recuperar a senha por email",
              "fullTitle": "Recuperar senha Recuperar a senha por email",
              "timedOut": null,
              "duration": 2219,
              "state": "passed",
              "speed": "fast",
              "pass": true,
              "fail": false,
              "pending": false,
              "context": null,
              "code": "cy.visit(\"/recuperar-senha\");\ncy.get(\"input[name=email]\").clear().type(_usuarioAdmin.admin.email).type(`${_usuarioAdmin.admin.senha}{enter}`);\ncy.url().should(\"include\", \"/\");",
              "err": {},
              "uuid": "a653ee68-dd38-45da-88f2-230e5d43ec18",
              "parentUUID": "2b1f11d3-b15e-43a5-910f-4a889a3f37df",
              "isHook": false,
              "skipped": false
            }
          ],
          "suites": [],
          "passes": [
            "a653ee68-dd38-45da-88f2-230e5d43ec18"
          ],
          "failures": [],
          "pending": [],
          "skipped": [],
          "duration": 2219,
          "root": false,
          "rootEmpty": false,
          "_timeout": 2000
        }
      ],
      "passes": [],
      "failures": [],
      "pending": [],
      "skipped": [],
      "duration": 0,
      "root": true,
      "rootEmpty": true,
      "_timeout": 2000
    },
    {
      "uuid": "715d8afb-e790-44c5-bf43-4cfe2e68bbf1",
      "title": "",
      "fullFile": "cypress\\e2e\\03-register-morador.cy.js",
      "file": "cypress\\e2e\\03-register-morador.cy.js",
      "beforeHooks": [],
      "afterHooks": [],
      "tests": [],
      "suites": [
        {
          "uuid": "16fa41a9-91e9-4282-a2f8-795911096503",
          "title": "Registro - Morador",
          "fullFile": "",
          "file": "",
          "beforeHooks": [],
          "afterHooks": [],
          "tests": [
            {
              "title": "Registrar-se em um condomínio",
              "fullTitle": "Registro - Morador Registrar-se em um condomínio",
              "timedOut": null,
              "duration": 4450,
              "state": "passed",
              "speed": "fast",
              "pass": true,
              "fail": false,
              "pending": false,
              "context": null,
              "code": "cy.visit(\"/register\");\ncy.get(\"input[name=codigoCondominio]\").clear().type(morador.codigoCondominio);\ncy.get(\"input[name=nome]\").clear().type(morador.nome);\ncy.get(\"input[name=apto]\").clear().type(morador.apto);\ncy.get(\"input[name=email]\").clear().type(\"novomorador1@gestaodecondominios.com.br\");\ncy.get(\"input[name=senha]\").clear().type(morador.senha);\ncy.get(\"input[name=confirmacaoSenha]\").clear().type(`${morador.senha}{enter}`);\ncy.url().should(\"equal\", `${Cypress.env(\"front_url\")}`);",
              "err": {},
              "uuid": "dfbb3bbf-6009-4d1c-927f-2aa6781e5f4d",
              "parentUUID": "16fa41a9-91e9-4282-a2f8-795911096503",
              "isHook": false,
              "skipped": false
            }
          ],
          "suites": [],
          "passes": [
            "dfbb3bbf-6009-4d1c-927f-2aa6781e5f4d"
          ],
          "failures": [],
          "pending": [],
          "skipped": [],
          "duration": 4450,
          "root": false,
          "rootEmpty": false,
          "_timeout": 2000
        }
      ],
      "passes": [],
      "failures": [],
      "pending": [],
      "skipped": [],
      "duration": 0,
      "root": true,
      "rootEmpty": true,
      "_timeout": 2000
    },
    {
      "uuid": "830e657a-7804-46b9-9334-295044690c82",
      "title": "",
      "fullFile": "cypress\\e2e\\04-login-morador.cy.js",
      "file": "cypress\\e2e\\04-login-morador.cy.js",
      "beforeHooks": [],
      "afterHooks": [],
      "tests": [],
      "suites": [
        {
          "uuid": "439840cc-ed22-477b-8eda-bade2952bc53",
          "title": "Login - Morador",
          "fullFile": "",
          "file": "",
          "beforeHooks": [],
          "afterHooks": [],
          "tests": [
            {
              "title": "Realizar Login - morador",
              "fullTitle": "Login - Morador Realizar Login - morador",
              "timedOut": null,
              "duration": 2488,
              "state": "passed",
              "speed": "fast",
              "pass": true,
              "fail": false,
              "pending": false,
              "context": null,
              "code": "cy.visit(\"/login\");\ncy.get(\"input[name=email]\").clear().type(morador.email);\ncy.get(\"input[name=senha]\").clear().type(`${morador.senha}{enter}`);\ncy.url().should('include', '/');",
              "err": {},
              "uuid": "4b7272f1-ea3a-4716-b028-f1464cbe7e92",
              "parentUUID": "439840cc-ed22-477b-8eda-bade2952bc53",
              "isHook": false,
              "skipped": false
            }
          ],
          "suites": [],
          "passes": [
            "4b7272f1-ea3a-4716-b028-f1464cbe7e92"
          ],
          "failures": [],
          "pending": [],
          "skipped": [],
          "duration": 2488,
          "root": false,
          "rootEmpty": false,
          "_timeout": 2000
        }
      ],
      "passes": [],
      "failures": [],
      "pending": [],
      "skipped": [],
      "duration": 0,
      "root": true,
      "rootEmpty": true,
      "_timeout": 2000
    },
    {
      "uuid": "6d2d8fde-557d-40c8-8480-03e93aaf882e",
      "title": "",
      "fullFile": "cypress\\e2e\\05-condominios.cy.js",
      "file": "cypress\\e2e\\05-condominios.cy.js",
      "beforeHooks": [],
      "afterHooks": [],
      "tests": [],
      "suites": [
        {
          "uuid": "da3ae2f6-33bc-4031-bf92-5d9b47014d53",
          "title": "Condomínios",
          "fullFile": "",
          "file": "",
          "beforeHooks": [],
          "afterHooks": [],
          "tests": [
            {
              "title": "Listar condominios",
              "fullTitle": "Condomínios Listar condominios",
              "timedOut": null,
              "duration": 2122,
              "state": "passed",
              "speed": "fast",
              "pass": true,
              "fail": false,
              "pending": false,
              "context": null,
              "code": "cy.visit(\"/condominios\");",
              "err": {},
              "uuid": "1c7bb874-dbcd-4e1f-a54d-a04dc6971b0e",
              "parentUUID": "da3ae2f6-33bc-4031-bf92-5d9b47014d53",
              "isHook": false,
              "skipped": false
            },
            {
              "title": "Criar condominio",
              "fullTitle": "Condomínios Criar condominio",
              "timedOut": null,
              "duration": 3982,
              "state": "passed",
              "speed": "fast",
              "pass": true,
              "fail": false,
              "pending": false,
              "context": null,
              "code": "cy.get(\"#add\").click().then(() => {\n  cy.get(\"input[name=nome]\").clear().type(condominio.nome);\n  cy.get(\"input[name=endereco]\").clear().type(condominio.endereco);\n  cy.get(\"input[name=cidade]\").clear().type(condominio.cidade);\n  cy.get(\"input[name=uf]\").clear().type(condominio.uf);\n  cy.get(\"input[name=cep]\").clear().type(condominio.cep);\n  cy.get(\"input[name=codigoCondominio]\").clear().type((0, _uuid.v4)().substring(0, 5));\n  cy.get(\"button[name=save\").click();\n  cy.url().should(\"equal\", `${Cypress.env(\"front_url\")}condominios`);\n});",
              "err": {},
              "uuid": "39bc1a05-27f2-469e-9dfb-e3999878ddca",
              "parentUUID": "da3ae2f6-33bc-4031-bf92-5d9b47014d53",
              "isHook": false,
              "skipped": false
            },
            {
              "title": "Atualizar condominio",
              "fullTitle": "Condomínios Atualizar condominio",
              "timedOut": null,
              "duration": 2720,
              "state": "passed",
              "speed": "fast",
              "pass": true,
              "fail": false,
              "pending": false,
              "context": null,
              "code": "cy.get(`[aria-label=\"edit\"]`).first().click().then(() => {\n  cy.get(\"input[name=nome]\").clear().type(condominioUpdate.nome);\n  cy.get(\"input[name=endereco]\").clear().type(condominioUpdate.endereco);\n  cy.get(\"input[name=cidade]\").clear().type(condominioUpdate.cidade);\n  cy.get(\"input[name=uf]\").clear().type(condominioUpdate.uf);\n  cy.get(\"input[name=cep]\").clear().type(condominioUpdate.cep);\n  cy.get(\"button[name=save\").click();\n  cy.url().should(\"equal\", `${Cypress.env(\"front_url\")}condominios`);\n});",
              "err": {},
              "uuid": "7013a8b2-eacd-4b9c-8247-038892be690f",
              "parentUUID": "da3ae2f6-33bc-4031-bf92-5d9b47014d53",
              "isHook": false,
              "skipped": false
            },
            {
              "title": "Excluir condominio",
              "fullTitle": "Condomínios Excluir condominio",
              "timedOut": null,
              "duration": 286,
              "state": "passed",
              "speed": "fast",
              "pass": true,
              "fail": false,
              "pending": false,
              "context": null,
              "code": "cy.get(`[aria-label=\"delete\"]`).last().click().then(() => {\n  cy.contains(\"Deletar\").click();\n});",
              "err": {},
              "uuid": "de95ba08-c7f6-49a1-9dc7-a29d72fbb697",
              "parentUUID": "da3ae2f6-33bc-4031-bf92-5d9b47014d53",
              "isHook": false,
              "skipped": false
            },
            {
              "title": "Exportar condominios",
              "fullTitle": "Condomínios Exportar condominios",
              "timedOut": null,
              "duration": 2132,
              "state": "passed",
              "speed": "fast",
              "pass": true,
              "fail": false,
              "pending": false,
              "context": null,
              "code": "cy.get(`#exportar`).click().then(() => {\n  cy.verifyDownload(\"condominios.pdf\");\n});",
              "err": {},
              "uuid": "f883a14e-ed38-4a4c-87a8-fea5d150547e",
              "parentUUID": "da3ae2f6-33bc-4031-bf92-5d9b47014d53",
              "isHook": false,
              "skipped": false
            }
          ],
          "suites": [],
          "passes": [
            "1c7bb874-dbcd-4e1f-a54d-a04dc6971b0e",
            "39bc1a05-27f2-469e-9dfb-e3999878ddca",
            "7013a8b2-eacd-4b9c-8247-038892be690f",
            "de95ba08-c7f6-49a1-9dc7-a29d72fbb697",
            "f883a14e-ed38-4a4c-87a8-fea5d150547e"
          ],
          "failures": [],
          "pending": [],
          "skipped": [],
          "duration": 11242,
          "root": false,
          "rootEmpty": false,
          "_timeout": 2000
        }
      ],
      "passes": [],
      "failures": [],
      "pending": [],
      "skipped": [],
      "duration": 0,
      "root": true,
      "rootEmpty": true,
      "_timeout": 2000
    },
    {
      "uuid": "2183cd7c-3d4a-4e5d-9ed6-1fd6129daa81",
      "title": "",
      "fullFile": "cypress\\e2e\\05-perfil.cy.js",
      "file": "cypress\\e2e\\05-perfil.cy.js",
      "beforeHooks": [],
      "afterHooks": [],
      "tests": [],
      "suites": [
        {
          "uuid": "37ac108b-6960-4f4f-adac-1519b6f6a660",
          "title": "Perfil",
          "fullFile": "",
          "file": "",
          "beforeHooks": [],
          "afterHooks": [],
          "tests": [
            {
              "title": "Atualizar perfil",
              "fullTitle": "Perfil Atualizar perfil",
              "timedOut": null,
              "duration": 5197,
              "state": "passed",
              "speed": "medium",
              "pass": true,
              "fail": false,
              "pending": false,
              "context": null,
              "code": "cy.visit(\"/perfil\");\ncy.get(\"input[name=nome]\").clear().type(usuarioUpdate.nome);\ncy.get(\"input[name=apto]\").clear().type(usuarioUpdate.apto);\ncy.get(\"input[name=bloco]\").clear().type(usuarioUpdate.bloco);\ncy.get(\"input[name=email]\").clear().type(usuarioUpdate.email);\ncy.get(\"input[name=telefone]\").clear().type(usuarioUpdate.telefone);\ncy.get(\"button[name=save\").click().then(() => {\n  cy.url().should(\"equal\", `${Cypress.env(\"front_url\")}`);\n});",
              "err": {},
              "uuid": "8350f63e-3d40-48b0-ada6-4141606957fa",
              "parentUUID": "37ac108b-6960-4f4f-adac-1519b6f6a660",
              "isHook": false,
              "skipped": false
            },
            {
              "title": "Alterar senha",
              "fullTitle": "Perfil Alterar senha",
              "timedOut": null,
              "duration": 1784,
              "state": "passed",
              "speed": "fast",
              "pass": true,
              "fail": false,
              "pending": false,
              "context": null,
              "code": "cy.visit(\"/perfil\").then(() => {\n  cy.get(\"input[name=password]\").clear().type(usuarioUpdate.senha);\n  cy.get(\"input[name=confirm]\").clear().type(usuarioUpdate.senha);\n  cy.get(\"button[name=update-password\").click().then(() => {\n    cy.url().should('include', '/');\n  });\n});",
              "err": {},
              "uuid": "62a27c7a-22f3-4c25-b394-e3ae6156976f",
              "parentUUID": "37ac108b-6960-4f4f-adac-1519b6f6a660",
              "isHook": false,
              "skipped": false
            }
          ],
          "suites": [],
          "passes": [
            "8350f63e-3d40-48b0-ada6-4141606957fa",
            "62a27c7a-22f3-4c25-b394-e3ae6156976f"
          ],
          "failures": [],
          "pending": [],
          "skipped": [],
          "duration": 6981,
          "root": false,
          "rootEmpty": false,
          "_timeout": 2000
        }
      ],
      "passes": [],
      "failures": [],
      "pending": [],
      "skipped": [],
      "duration": 0,
      "root": true,
      "rootEmpty": true,
      "_timeout": 2000
    },
    {
      "uuid": "797c37c3-e0f7-41f2-a7bd-b84499e4f418",
      "title": "",
      "fullFile": "cypress\\e2e\\06-ocorrencias.cy.js",
      "file": "cypress\\e2e\\06-ocorrencias.cy.js",
      "beforeHooks": [],
      "afterHooks": [],
      "tests": [],
      "suites": [
        {
          "uuid": "6ff0ab08-fd73-4018-af97-8525ab27cf73",
          "title": "Ocorrências",
          "fullFile": "",
          "file": "",
          "beforeHooks": [],
          "afterHooks": [],
          "tests": [
            {
              "title": "Listar ocorrências",
              "fullTitle": "Ocorrências Listar ocorrências",
              "timedOut": null,
              "duration": 2064,
              "state": "passed",
              "speed": "fast",
              "pass": true,
              "fail": false,
              "pending": false,
              "context": null,
              "code": "cy.visit(\"/ocorrencias\");",
              "err": {},
              "uuid": "d998e234-8eca-4fa2-a58e-e9b1d59df298",
              "parentUUID": "6ff0ab08-fd73-4018-af97-8525ab27cf73",
              "isHook": false,
              "skipped": false
            },
            {
              "title": "Criar ocorrência",
              "fullTitle": "Ocorrências Criar ocorrência",
              "timedOut": null,
              "duration": 4958,
              "state": "passed",
              "speed": "fast",
              "pass": true,
              "fail": false,
              "pending": false,
              "context": null,
              "code": "cy.get(\"#add\").click().then(() => {\n  cy.get(\"input[name=motivo]\").clear().type(ocorrencia.motivo);\n  cy.get(\"textarea[name=descricao]\").clear().type(ocorrencia.descricao);\n  cy.get(\"form\").submit();\n  cy.url().should('equal', `${Cypress.env('front_url')}ocorrencias`);\n});",
              "err": {},
              "uuid": "8bf5d328-feca-4586-bd80-64ad72c0997f",
              "parentUUID": "6ff0ab08-fd73-4018-af97-8525ab27cf73",
              "isHook": false,
              "skipped": false
            },
            {
              "title": "Atualizar ocorrência",
              "fullTitle": "Ocorrências Atualizar ocorrência",
              "timedOut": null,
              "duration": 1739,
              "state": "passed",
              "speed": "fast",
              "pass": true,
              "fail": false,
              "pending": false,
              "context": null,
              "code": "cy.get(`[aria-label=\"edit\"]`).first().click().then(() => {\n  cy.get(\"input[name=motivo]\").clear().type(ocorrenciaUpdate.motivo);\n  cy.get(\"textarea[name=descricao]\").clear().type(ocorrenciaUpdate.descricao);\n  cy.get(\"form\").submit();\n  cy.url().should('equal', `${Cypress.env('front_url')}ocorrencias`);\n});",
              "err": {},
              "uuid": "65912596-309e-47b9-8d90-9d9b83a62bb0",
              "parentUUID": "6ff0ab08-fd73-4018-af97-8525ab27cf73",
              "isHook": false,
              "skipped": false
            },
            {
              "title": "Excluir ocorrência",
              "fullTitle": "Ocorrências Excluir ocorrência",
              "timedOut": null,
              "duration": 245,
              "state": "passed",
              "speed": "fast",
              "pass": true,
              "fail": false,
              "pending": false,
              "context": null,
              "code": "cy.get(`[aria-label=\"delete\"]`).first().click().then(() => {\n  cy.contains(\"Deletar\").click();\n});",
              "err": {},
              "uuid": "20dece69-69e9-4a03-b300-a7e29eb8af33",
              "parentUUID": "6ff0ab08-fd73-4018-af97-8525ab27cf73",
              "isHook": false,
              "skipped": false
            },
            {
              "title": "Exportar ocorrências",
              "fullTitle": "Ocorrências Exportar ocorrências",
              "timedOut": null,
              "duration": 1846,
              "state": "passed",
              "speed": "fast",
              "pass": true,
              "fail": false,
              "pending": false,
              "context": null,
              "code": "cy.get(`#exportar`).click().then(() => {\n  cy.verifyDownload(\"ocorrencias.pdf\");\n});",
              "err": {},
              "uuid": "2552bfd6-7b25-4fbc-9170-76fd26269ba1",
              "parentUUID": "6ff0ab08-fd73-4018-af97-8525ab27cf73",
              "isHook": false,
              "skipped": false
            }
          ],
          "suites": [],
          "passes": [
            "d998e234-8eca-4fa2-a58e-e9b1d59df298",
            "8bf5d328-feca-4586-bd80-64ad72c0997f",
            "65912596-309e-47b9-8d90-9d9b83a62bb0",
            "20dece69-69e9-4a03-b300-a7e29eb8af33",
            "2552bfd6-7b25-4fbc-9170-76fd26269ba1"
          ],
          "failures": [],
          "pending": [],
          "skipped": [],
          "duration": 10852,
          "root": false,
          "rootEmpty": false,
          "_timeout": 2000
        }
      ],
      "passes": [],
      "failures": [],
      "pending": [],
      "skipped": [],
      "duration": 0,
      "root": true,
      "rootEmpty": true,
      "_timeout": 2000
    },
    {
      "uuid": "eea6d524-b574-47e8-9c6c-ec7256be1426",
      "title": "",
      "fullFile": "cypress\\e2e\\07-moradores.cy.js",
      "file": "cypress\\e2e\\07-moradores.cy.js",
      "beforeHooks": [],
      "afterHooks": [],
      "tests": [],
      "suites": [
        {
          "uuid": "ec2b7823-06db-4313-b77d-24ee5e47471c",
          "title": "Moradores",
          "fullFile": "",
          "file": "",
          "beforeHooks": [],
          "afterHooks": [],
          "tests": [
            {
              "title": "Listar moradores",
              "fullTitle": "Moradores Listar moradores",
              "timedOut": null,
              "duration": 2127,
              "state": "passed",
              "speed": "fast",
              "pass": true,
              "fail": false,
              "pending": false,
              "context": null,
              "code": "cy.visit(\"/moradores\");",
              "err": {},
              "uuid": "b27bff14-a8ea-431b-8338-8d104fe7ca6c",
              "parentUUID": "ec2b7823-06db-4313-b77d-24ee5e47471c",
              "isHook": false,
              "skipped": false
            },
            {
              "title": "Atualizar morador",
              "fullTitle": "Moradores Atualizar morador",
              "timedOut": null,
              "duration": 1698,
              "state": "passed",
              "speed": "fast",
              "pass": true,
              "fail": false,
              "pending": false,
              "context": null,
              "code": "cy.get(`[aria-label=\"edit\"]`).first().click().then(() => {\n  cy.get(\"input[name=apto]\").clear().type(moradorUpdate.apto);\n  cy.get(\"input[name=bloco]\").clear().type(moradorUpdate.bloco);\n  cy.get(\"button[name=save\").click();\n  cy.url().should(\"equal\", `${Cypress.env(\"front_url\")}moradores`);\n});",
              "err": {},
              "uuid": "ce3dbe62-9098-4b2c-909f-13ecd7f3b096",
              "parentUUID": "ec2b7823-06db-4313-b77d-24ee5e47471c",
              "isHook": false,
              "skipped": false
            },
            {
              "title": "Excluir morador",
              "fullTitle": "Moradores Excluir morador",
              "timedOut": null,
              "duration": 256,
              "state": "passed",
              "speed": "fast",
              "pass": true,
              "fail": false,
              "pending": false,
              "context": null,
              "code": "cy.contains(\"novomorador1@gestaodecondominios.com.br\").parents(\"tr\").find(\"button\").eq(1).click().then(() => {\n  cy.contains(\"Deletar\").click();\n});",
              "err": {},
              "uuid": "403d26e2-2ef8-407f-a181-e30b8db9eb85",
              "parentUUID": "ec2b7823-06db-4313-b77d-24ee5e47471c",
              "isHook": false,
              "skipped": false
            },
            {
              "title": "Exportar moradores",
              "fullTitle": "Moradores Exportar moradores",
              "timedOut": null,
              "duration": 1975,
              "state": "passed",
              "speed": "fast",
              "pass": true,
              "fail": false,
              "pending": false,
              "context": null,
              "code": "cy.get(`#exportar`).click().then(() => {\n  cy.verifyDownload(\"moradores.pdf\");\n});",
              "err": {},
              "uuid": "7d4d2a6f-3407-4bf2-b3e1-a66f5791b0ec",
              "parentUUID": "ec2b7823-06db-4313-b77d-24ee5e47471c",
              "isHook": false,
              "skipped": false
            },
            {
              "title": "Enviar convite por email",
              "fullTitle": "Moradores Enviar convite por email",
              "timedOut": null,
              "duration": 2552,
              "state": "passed",
              "speed": "fast",
              "pass": true,
              "fail": false,
              "pending": false,
              "context": null,
              "code": "cy.get(\"#convite\").click().then(() => {\n  cy.get(\".swal2-deny\").click().then(() => {\n    cy.wait(500);\n    cy.get(\"input[name=email]\").type(`${(0, _uuid.v4)()}${moradorUpdate.email}`);\n    cy.wait(500);\n    cy.get(\"button[name=send\").click();\n  });\n});",
              "err": {},
              "uuid": "6a12a520-2c7e-4a2e-81e9-1c6206c4a3f8",
              "parentUUID": "ec2b7823-06db-4313-b77d-24ee5e47471c",
              "isHook": false,
              "skipped": false
            }
          ],
          "suites": [],
          "passes": [
            "b27bff14-a8ea-431b-8338-8d104fe7ca6c",
            "ce3dbe62-9098-4b2c-909f-13ecd7f3b096",
            "403d26e2-2ef8-407f-a181-e30b8db9eb85",
            "7d4d2a6f-3407-4bf2-b3e1-a66f5791b0ec",
            "6a12a520-2c7e-4a2e-81e9-1c6206c4a3f8"
          ],
          "failures": [],
          "pending": [],
          "skipped": [],
          "duration": 8608,
          "root": false,
          "rootEmpty": false,
          "_timeout": 2000
        }
      ],
      "passes": [],
      "failures": [],
      "pending": [],
      "skipped": [],
      "duration": 0,
      "root": true,
      "rootEmpty": true,
      "_timeout": 2000
    },
    {
      "uuid": "736fb96c-4b7a-405e-b555-8accfc76f69b",
      "title": "",
      "fullFile": "cypress\\e2e\\08-usuarios.cy.js",
      "file": "cypress\\e2e\\08-usuarios.cy.js",
      "beforeHooks": [],
      "afterHooks": [],
      "tests": [],
      "suites": [
        {
          "uuid": "b507769e-44e0-4b61-aebd-9eb1001aaf50",
          "title": "Usuários",
          "fullFile": "",
          "file": "",
          "beforeHooks": [],
          "afterHooks": [],
          "tests": [
            {
              "title": "Listar usuários",
              "fullTitle": "Usuários Listar usuários",
              "timedOut": null,
              "duration": 1570,
              "state": "passed",
              "speed": "fast",
              "pass": true,
              "fail": false,
              "pending": false,
              "context": null,
              "code": "cy.visit(\"/usuarios\");",
              "err": {},
              "uuid": "6a4717ef-2173-4277-8f3d-e19dacae3d1d",
              "parentUUID": "b507769e-44e0-4b61-aebd-9eb1001aaf50",
              "isHook": false,
              "skipped": false
            },
            {
              "title": "Criar usuário",
              "fullTitle": "Usuários Criar usuário",
              "timedOut": null,
              "duration": 3135,
              "state": "passed",
              "speed": "fast",
              "pass": true,
              "fail": false,
              "pending": false,
              "context": null,
[...]
              "err": {},
              "uuid": "65b66632-14ae-4a2f-bef6-c98996e766d9",
              "parentUUID": "de8f4905-2e77-4afe-a16e-f8fcce80ebff",
              "isHook": false,
              "skipped": false
            },
            {
              "title": "Excluir tipo de leitura",
              "fullTitle": "Tipos de Leitura Excluir tipo de leitura",
              "timedOut": null,
              "duration": 230,
              "state": "passed",
              "speed": "fast",
              "pass": true,
              "fail": false,
              "pending": false,
              "context": null,
              "code": "cy.get(`[aria-label=\"delete\"]`).last().click().then(() => {\n  cy.contains(\"Deletar\").click();\n});",
              "err": {},
              "uuid": "9097d4ad-2e7c-48cd-b964-b3bc059f18cf",
              "parentUUID": "de8f4905-2e77-4afe-a16e-f8fcce80ebff",
              "isHook": false,
              "skipped": false
            },
            {
              "title": "Exportar tipo de leituras",
              "fullTitle": "Tipos de Leitura Exportar tipo de leituras",
              "timedOut": null,
              "duration": 1483,
              "state": "passed",
              "speed": "fast",
              "pass": true,
              "fail": false,
              "pending": false,
              "context": null,
              "code": "cy.get(`#exportar`).click().then(() => {\n  cy.verifyDownload(\"tipos-leitura.pdf\");\n});",
              "err": {},
              "uuid": "45795305-115d-4ca7-9bf8-d3aec94113c6",
              "parentUUID": "de8f4905-2e77-4afe-a16e-f8fcce80ebff",
              "isHook": false,
              "skipped": false
            }
          ],
          "suites": [],
          "passes": [
            "7ebbe500-88db-4ec8-970a-3bf966471368",
            "ff136ef0-0bb6-4954-89a5-e26917aca2ab",
            "65b66632-14ae-4a2f-bef6-c98996e766d9",
            "9097d4ad-2e7c-48cd-b964-b3bc059f18cf",
            "45795305-115d-4ca7-9bf8-d3aec94113c6"
          ],
          "failures": [],
          "pending": [],
          "skipped": [],
          "duration": 6673,
          "root": false,
          "rootEmpty": false,
          "_timeout": 2000
        }
      ],
      "passes": [],
      "failures": [],
      "pending": [],
      "skipped": [],
      "duration": 0,
      "root": true,
      "rootEmpty": true,
      "_timeout": 2000
    },
    {
      "uuid": "67bc088e-873d-4a50-b75c-d842649e7f08",
      "title": "",
      "fullFile": "cypress\\e2e\\10-tipo-movimentacao.cy.js",
      "file": "cypress\\e2e\\10-tipo-movimentacao.cy.js",
      "beforeHooks": [],
      "afterHooks": [],
      "tests": [],
      "suites": [
        {
          "uuid": "c6e890a2-2d1f-4199-a112-acb8c6ba181d",
          "title": "Tipos de movimentação",
          "fullFile": "",
          "file": "",
          "beforeHooks": [],
          "afterHooks": [],
          "tests": [
            {
              "title": "Listar tipos de movimentação",
              "fullTitle": "Tipos de movimentação Listar tipos de movimentação",
              "timedOut": null,
              "duration": 1805,
              "state": "passed",
              "speed": "fast",
              "pass": true,
              "fail": false,
              "pending": false,
              "context": null,
              "code": "cy.visit(\"/tipos-movimentacao\");",
              "err": {},
              "uuid": "a8073b91-7e1a-4364-b473-344e90986c07",
              "parentUUID": "c6e890a2-2d1f-4199-a112-acb8c6ba181d",
              "isHook": false,
              "skipped": false
            },
            {
              "title": "Criar tipo de movimentação",
              "fullTitle": "Tipos de movimentação Criar tipo de movimentação",
              "timedOut": null,
              "duration": 1118,
              "state": "passed",
              "speed": "fast",
              "pass": true,
              "fail": false,
              "pending": false,
              "context": null,
              "code": "cy.get(\"#add\").click().then(() => {\n  cy.get(\"input[name=descricao]\").clear().type(tipoMovimentacao.descricao);\n  cy.get(\"select[name=tipo]\").select(tipoMovimentacao.tipo);\n  cy.get(\"form\").submit();\n  cy.url().should(\"equal\", `${Cypress.env(\"front_url\")}tipos-movimentacao`);\n});",
              "err": {},
              "uuid": "0596b1a2-f28d-4e57-985f-6b704a187348",
              "parentUUID": "c6e890a2-2d1f-4199-a112-acb8c6ba181d",
              "isHook": false,
              "skipped": false
            },
            {
              "title": "Atualizar tipo de movimentação",
              "fullTitle": "Tipos de movimentação Atualizar tipo de movimentação",
              "timedOut": null,
              "duration": 828,
              "state": "passed",
              "speed": "fast",
              "pass": true,
              "fail": false,
              "pending": false,
              "context": null,
              "code": "cy.get(`[aria-label=\"edit\"]`).first().click().then(() => {\n  cy.get(\"input[name=descricao]\").clear().type(tipoMovimentacaoUpdate.descricao);\n  cy.get(\"select[name=tipo]\").select(tipoMovimentacaoUpdate.tipo);\n  cy.get(\"form\").submit();\n  cy.url().should(\"equal\", `${Cypress.env(\"front_url\")}tipos-movimentacao`);\n});",
              "err": {},
              "uuid": "de7531f5-e505-4836-9bf4-a18610f69277",
              "parentUUID": "c6e890a2-2d1f-4199-a112-acb8c6ba181d",
              "isHook": false,
              "skipped": false
            },
            {
              "title": "Excluir tipo de movimentação",
              "fullTitle": "Tipos de movimentação Excluir tipo de movimentação",
              "timedOut": null,
              "duration": 252,
              "state": "passed",
              "speed": "fast",
              "pass": true,
              "fail": false,
              "pending": false,
              "context": null,
              "code": "cy.get(`[aria-label=\"delete\"]`).last().click().then(() => {\n  cy.contains(\"Deletar\").click();\n});",
              "err": {},
              "uuid": "49fb5f3b-cdf5-49e8-abb4-19441f19717d",
              "parentUUID": "c6e890a2-2d1f-4199-a112-acb8c6ba181d",
              "isHook": false,
              "skipped": false
            },
            {
              "title": "Exportar tipo de movimentaçãos",
              "fullTitle": "Tipos de movimentação Exportar tipo de movimentaçãos",
              "timedOut": null,
              "duration": 2164,
              "state": "passed",
              "speed": "fast",
              "pass": true,
              "fail": false,
              "pending": false,
              "context": null,
              "code": "cy.get(`#exportar`).click().then(() => {\n  cy.verifyDownload(\"tipos-movimentacao.pdf\");\n});",
              "err": {},
              "uuid": "b3c66245-399b-4059-bf24-5d63e402e4cf",
              "parentUUID": "c6e890a2-2d1f-4199-a112-acb8c6ba181d",
              "isHook": false,
              "skipped": false
            }
          ],
          "suites": [],
          "passes": [
            "a8073b91-7e1a-4364-b473-344e90986c07",
            "0596b1a2-f28d-4e57-985f-6b704a187348",
            "de7531f5-e505-4836-9bf4-a18610f69277",
            "49fb5f3b-cdf5-49e8-abb4-19441f19717d",
            "b3c66245-399b-4059-bf24-5d63e402e4cf"
          ],
          "failures": [],
          "pending": [],
          "skipped": [],
          "duration": 6167,
          "root": false,
          "rootEmpty": false,
          "_timeout": 2000
        }
      ],
      "passes": [],
      "failures": [],
      "pending": [],
      "skipped": [],
      "duration": 0,
      "root": true,
      "rootEmpty": true,
      "_timeout": 2000
    },
    {
      "uuid": "578b2d9d-e11f-45cc-91ed-9f784de292f4",
      "title": "",
      "fullFile": "cypress\\e2e\\11-cobrancas.cy.js",
      "file": "cypress\\e2e\\11-cobrancas.cy.js",
      "beforeHooks": [],
      "afterHooks": [],
      "tests": [],
      "suites": [
        {
          "uuid": "443cffdd-d6ab-4f87-b35a-4b23ea6f531f",
          "title": "Cobranças",
          "fullFile": "",
          "file": "",
          "beforeHooks": [],
          "afterHooks": [],
          "tests": [
            {
              "title": "Listar cobranças",
              "fullTitle": "Cobranças Listar cobranças",
              "timedOut": null,
              "duration": 1936,
              "state": "passed",
              "speed": "fast",
              "pass": true,
              "fail": false,
              "pending": false,
              "context": null,
              "code": "cy.visit(\"/cobrancas\");",
              "err": {},
              "uuid": "32142925-be79-4a5c-ab46-d5178f4da5ea",
              "parentUUID": "443cffdd-d6ab-4f87-b35a-4b23ea6f531f",
              "isHook": false,
              "skipped": false
            },
            {
              "title": "Criar tipo de cobranças",
              "fullTitle": "Cobranças Criar tipo de cobranças",
              "timedOut": null,
              "duration": 2915,
              "state": "passed",
              "speed": "fast",
              "pass": true,
              "fail": false,
              "pending": false,
              "context": null,
              "code": "cy.get(\"#add\").click().then(() => {\n  cy.get(\"input[name=descricao]\").clear().type(cobranca.descricao);\n  cy.get(\"input[name=valor]\").clear().type(cobranca.valor);\n  cy.get(\"input[name=morador]\").click().focused().type(\"{downarrow}{enter}\", {\n    force: true\n  });\n  cy.get(\"button[name=carregarContas]\").click().then(() => {\n    cy.get(\"form\").submit();\n    cy.url().should(\"equal\", `${Cypress.env(\"front_url\")}cobrancas`);\n  });\n});",
              "err": {},
              "uuid": "e5ddb431-e39c-4cfb-8a56-9b5446b5b813",
              "parentUUID": "443cffdd-d6ab-4f87-b35a-4b23ea6f531f",
              "isHook": false,
              "skipped": false
            },
            {
              "title": "Atualizar tipo de cobranças",
              "fullTitle": "Cobranças Atualizar tipo de cobranças",
              "timedOut": null,
              "duration": 2748,
              "state": "passed",
              "speed": "fast",
              "pass": true,
              "fail": false,
              "pending": false,
              "context": null,
              "code": "cy.get(`[aria-label=\"edit\"]`).first().click().then(() => {\n  cy.get(\"input[name=descricao]\").clear().type(cobrancaUpdate.descricao);\n  cy.get(\"input[name=valor]\").clear().type(cobrancaUpdate.valor);\n  cy.get(\"input[name=morador]\").click().focused().type(\"{downarrow}{enter}\", {\n    force: true\n  });\n  cy.get(\"button[name=carregarContas]\").click().then(() => {\n    cy.get(\"form\").submit();\n    cy.url().should(\"equal\", `${Cypress.env(\"front_url\")}cobrancas`);\n  });\n});",
              "err": {},
              "uuid": "8c8a7acc-458f-4d22-b36f-2d0f5cfde370",
              "parentUUID": "443cffdd-d6ab-4f87-b35a-4b23ea6f531f",
              "isHook": false,
              "skipped": false
            },
            {
              "title": "Imprimir cobrança",
              "fullTitle": "Cobranças Imprimir cobrança",
              "timedOut": null,
              "duration": 1068,
              "state": "passed",
              "speed": "fast",
              "pass": true,
              "fail": false,
              "pending": false,
              "context": null,
              "code": "cy.get(`[aria-label=\"print\"]`).first().click();",
              "err": {},
              "uuid": "e1514d5a-206c-4ef9-80f0-7fd517efe41f",
              "parentUUID": "443cffdd-d6ab-4f87-b35a-4b23ea6f531f",
              "isHook": false,
              "skipped": false
            },
            {
              "title": "Enviar por email cobrança",
              "fullTitle": "Cobranças Enviar por email cobrança",
              "timedOut": null,
              "duration": 346,
              "state": "passed",
              "speed": "fast",
              "pass": true,
              "fail": false,
              "pending": false,
              "context": null,
              "code": "cy.get(`[aria-label=\"email\"]`).first().click().then(() => {\n  cy.get(`button[id=\"submit-email\"]`).click();\n});",
              "err": {},
              "uuid": "327ab305-649d-4894-9a6f-5958eaac7d83",
              "parentUUID": "443cffdd-d6ab-4f87-b35a-4b23ea6f531f",
              "isHook": false,
              "skipped": false
            },
            {
              "title": "Excluir tipo de cobranças",
              "fullTitle": "Cobranças Excluir tipo de cobranças",
              "timedOut": null,
              "duration": 3528,
              "state": "passed",
              "speed": "fast",
              "pass": true,
              "fail": false,
              "pending": false,
              "context": null,
              "code": "cy.get(`[aria-label=\"delete\"]`).last().click().then(() => {\n  cy.contains(\"Deletar\").click();\n});",
              "err": {},
              "uuid": "8749f56d-5e38-43cf-90e3-0a9e931d9e8a",
              "parentUUID": "443cffdd-d6ab-4f87-b35a-4b23ea6f531f",
              "isHook": false,
              "skipped": false
            },
            {
              "title": "Exportar tipo de cobranças",
              "fullTitle": "Cobranças Exportar tipo de cobranças",
              "timedOut": null,
              "duration": 1975,
              "state": "passed",
              "speed": "fast",
              "pass": true,
              "fail": false,
              "pending": false,
              "context": null,
              "code": "cy.get(`#exportar`).click().then(() => {\n  cy.verifyDownload(\"cobrancas.pdf\");\n});",
              "err": {},
              "uuid": "42fe2ab7-28ed-4d54-9bce-029d25c9e05d",
              "parentUUID": "443cffdd-d6ab-4f87-b35a-4b23ea6f531f",
              "isHook": false,
              "skipped": false
            }
          ],
          "suites": [],
          "passes": [
            "32142925-be79-4a5c-ab46-d5178f4da5ea",
            "e5ddb431-e39c-4cfb-8a56-9b5446b5b813",
            "8c8a7acc-458f-4d22-b36f-2d0f5cfde370",
            "e1514d5a-206c-4ef9-80f0-7fd517efe41f",
            "327ab305-649d-4894-9a6f-5958eaac7d83",
            "8749f56d-5e38-43cf-90e3-0a9e931d9e8a",
            "42fe2ab7-28ed-4d54-9bce-029d25c9e05d"
          ],
          "failures": [],
          "pending": [],
          "skipped": [],
          "duration": 14516,
          "root": false,
          "rootEmpty": false,
          "_timeout": 2000
        }
      ],
      "passes": [],
      "failures": [],
      "pending": [],
      "skipped": [],
      "duration": 0,
      "root": true,
      "rootEmpty": true,
      "_timeout": 2000
    },
    {
      "uuid": "3d42deb2-71aa-4e74-bf8e-e6359b1a92bd",
      "title": "",
      "fullFile": "cypress\\e2e\\12-graficos.cy.js",
      "file": "cypress\\e2e\\12-graficos.cy.js",
      "beforeHooks": [],
      "afterHooks": [],
      "tests": [],
      "suites": [
        {
          "uuid": "f24df68f-6ce5-4d07-a30f-b94b699bf7f1",
          "title": "Gráficos",
          "fullFile": "",
          "file": "",
          "beforeHooks": [],
          "afterHooks": [],
          "tests": [
            {
              "title": "Acessar a página para gerar gráficos",
              "fullTitle": "Gráficos Acessar a página para gerar gráficos",
              "timedOut": null,
              "duration": 1808,
              "state": "passed",
              "speed": "fast",
              "pass": true,
              "fail": false,
              "pending": false,
              "context": null,
              "code": "cy.visit(\"/graficos\");",
              "err": {},
              "uuid": "085362e8-e7ef-4a1d-a001-aea5875053a0",
              "parentUUID": "f24df68f-6ce5-4d07-a30f-b94b699bf7f1",
              "isHook": false,
              "skipped": false
            },
            {
              "title": "Gerar gráfico de barras de fluxo de caixa",
              "fullTitle": "Gráficos Gerar gráfico de barras de fluxo de caixa",
              "timedOut": null,
              "duration": 749,
              "state": "passed",
              "speed": "fast",
              "pass": true,
              "fail": false,
              "pending": false,
              "context": null,
              "code": "cy.get(\"button[name=gerar]\").click().then(() => {\n  cy.get(\"form\").submit();\n  cy.url().should(\"contain\", `${Cypress.env(\"front_url\")}graficos/view`);\n});",
              "err": {},
              "uuid": "41f803ff-992b-4ea0-946b-8b53d60cbc23",
              "parentUUID": "f24df68f-6ce5-4d07-a30f-b94b699bf7f1",
              "isHook": false,
              "skipped": false
            }
          ],
          "suites": [],
          "passes": [
            "085362e8-e7ef-4a1d-a001-aea5875053a0",
            "41f803ff-992b-4ea0-946b-8b53d60cbc23"
          ],
          "failures": [],
          "pending": [],
          "skipped": [],
          "duration": 2557,
          "root": false,
          "rootEmpty": false,
          "_timeout": 2000
        }
      ],
      "passes": [],
      "failures": [],
      "pending": [],
      "skipped": [],
      "duration": 0,
      "root": true,
      "rootEmpty": true,
      "_timeout": 2000
    },
    {
      "uuid": "c4495c34-114b-499d-9975-8adab2967342",
      "title": "",
      "fullFile": "cypress\\e2e\\01-login-super-admin.cy.js",
      "file": "cypress\\e2e\\01-login-super-admin.cy.js",
      "beforeHooks": [],
      "afterHooks": [],
      "tests": [],
      "suites": [
        {
          "uuid": "d4868c04-e6cb-417b-b358-19801f848b53",
          "title": "Login - Super Admin",
          "fullFile": "",
          "file": "",
          "beforeHooks": [],
          "afterHooks": [],
          "tests": [
            {
              "title": "Realizar Login - super admin",
              "fullTitle": "Login - Super Admin Realizar Login - super admin",
              "timedOut": null,
              "duration": 3271,
              "state": "passed",
              "speed": "fast",
              "pass": true,
              "fail": false,
              "pending": false,
              "context": null,
              "code": "cy.visit(\"/login\");\ncy.get(\"input[name=email]\").clear().type(usuario.email);\ncy.get(\"input[name=senha]\").clear().type(`${usuario.senha}{enter}`);\ncy.url().should('include', '/');",
              "err": {},
              "uuid": "51c5cf76-6827-40bc-9ae1-608004c9e66f",
              "parentUUID": "d4868c04-e6cb-417b-b358-19801f848b53",
              "isHook": false,
              "skipped": false
            }
          ],
          "suites": [],
          "passes": [
            "51c5cf76-6827-40bc-9ae1-608004c9e66f"
          ],
          "failures": [],
          "pending": [],
          "skipped": [],
          "duration": 3271,
          "root": false,
          "rootEmpty": false,
          "_timeout": 2000
        }
      ],
      "passes": [],
      "failures": [],
      "pending": [],
      "skipped": [],
      "duration": 0,
      "root": true,
      "rootEmpty": true,
      "_timeout": 2000
    }
  ],
  "meta": {
    "mocha": {
      "version": "7.0.1"
    },
    "mochawesome": {
      "options": {
        "quiet": false,
        "reportFilename": "mochawesome",
        "saveHtml": false,
        "saveJson": true,
        "consoleReporter": "spec",
        "useInlineDiffs": false,
        "code": true
      },
      "version": "7.1.3"
    },
    "marge": {
      "options": {
        "reportDir": "cypress/results",
        "overwrite": false,
        "html": false,
        "json": true
      },
      "version": "6.2.0"
    }
  }
}