{
  "stats": {
    "suites": 1,
    "tests": 5,
    "passes": 1,
    "pending": 0,
    "failures": 4,
    "start": "2022-09-12T15:44:19.364Z",
    "end": "2022-09-12T15:44:33.968Z",
    "duration": 14604,
    "testsRegistered": 5,
    "passPercent": 20,
    "pendingPercent": 0,
    "other": 0,
    "hasOther": false,
    "skipped": 0,
    "hasSkipped": false
  },
  "results": [
    {
      "uuid": "b9f8e9c5-e225-4658-89b2-e505a9309692",
      "title": "",
      "fullFile": "cypress\\e2e\\usuarios.cy.js",
      "file": "cypress\\e2e\\usuarios.cy.js",
      "beforeHooks": [],
      "afterHooks": [],
      "tests": [],
      "suites": [
        {
          "uuid": "4f627de0-03dc-411a-bb2b-4a0df1df5665",
          "title": "Usuários",
          "fullFile": "",
          "file": "",
          "beforeHooks": [],
          "afterHooks": [],
          "tests": [
            {
              "title": "Listar usuários",
              "fullTitle": "Usuários Listar usuários",
              "timedOut": null,
              "duration": 1401,
              "state": "passed",
              "speed": "fast",
              "pass": true,
              "fail": false,
              "pending": false,
              "context": null,
              "code": "cy.visit(\"/usuarios\");",
              "err": {},
              "uuid": "a3ee11e6-432e-4563-81d3-63430d3f29ac",
              "parentUUID": "4f627de0-03dc-411a-bb2b-4a0df1df5665",
              "isHook": false,
              "skipped": false
            },
            {
              "title": "Criar usuário",
              "fullTitle": "Usuários Criar usuário",
              "timedOut": null,
              "duration": 683,
              "state": "failed",
              "speed": null,
              "pass": false,
              "fail": true,
              "pending": false,
              "context": null,
              "code": "cy.get(\"#add\").click().then(() => {\n  cy.get(\"input[name=nome]\").clear().type(usuario.nome);\n  cy.get(\"input[name=email]\").clear().type((0, _utils.getRandomEmail)(\"@gestaodecondominios.com.br\", 15));\n  cy.get(\"input[name=senha]\").clear().type(usuario.senha);\n  cy.get(\"input[name=confirmacaoSenha]\").clear().type(usuario.senha);\n  cy.get(\"button[name=save\").click();\n  cy.url().should('equal', `${Cypress.env('front_url')}usuarios`);\n});",
              "err": {
                "message": "TypeError: The following error originated from your application code, not from Cypress. It was caused by an unhandled promise rejection.\n\n  > Cannot read properties of undefined (reading '0')\n\nWhen Cypress detects uncaught errors originating from your application it will automatically fail the current test.\n\nThis behavior is configurable, and you can choose to turn this off by listening to the `uncaught:exception` event.\n\nhttps://on.cypress.io/uncaught-exception-from-application",
                "estack": "TypeError: The following error originated from your application code, not from Cypress. It was caused by an unhandled promise rejection.\n\n  > Cannot read properties of undefined (reading '0')\n\nWhen Cypress detects uncaught errors originating from your application it will automatically fail the current test.\n\nThis behavior is configurable, and you can choose to turn this off by listening to the `uncaught:exception` event.\n\nhttps://on.cypress.io/uncaught-exception-from-application\n    at _callee$ (webpack-internal:///./src/components/usuarios/usuario-details.js:126:42)\n    at tryCatch (webpack-internal:///./node_modules/next/dist/compiled/regenerator-runtime/runtime.js:45:40)\n    at Generator.invoke [as _invoke] (webpack-internal:///./node_modules/next/dist/compiled/regenerator-runtime/runtime.js:274:22)\n    at prototype.<computed> [as next] (webpack-internal:///./node_modules/next/dist/compiled/regenerator-runtime/runtime.js:97:21)\n    at asyncGeneratorStep (webpack-internal:///./node_modules/next/dist/compiled/@babel/runtime/helpers/esm/asyncToGenerator.js:7:24)\n    at _next (webpack-internal:///./node_modules/next/dist/compiled/@babel/runtime/helpers/esm/asyncToGenerator.js:29:9)",
                "diff": null
              },
              "uuid": "87bd52f4-f0a6-4215-a54c-9dcadf7580e8",
              "parentUUID": "4f627de0-03dc-411a-bb2b-4a0df1df5665",
              "isHook": false,
              "skipped": false
            },
            {
              "title": "Atualizar usuário",
              "fullTitle": "Usuários Atualizar usuário",
              "timedOut": null,
              "duration": 4228,
              "state": "failed",
              "speed": null,
              "pass": false,
              "fail": true,
              "pending": false,
              "context": null,
              "code": "cy.get(`[aria-label=\"edit\"]`).first().click().then(() => {\n  cy.get(\"input[name=nome]\").clear().type(usuarioUpdate.nome);\n  cy.get(\"form\").submit();\n  cy.url().should('equal', `${Cypress.env('front_url')}usuarios`);\n});",
              "err": {
                "message": "AssertionError: Timed out retrying after 4000ms: Expected to find element: `[aria-label=\"edit\"]`, but never found it.",
                "estack": "AssertionError: Timed out retrying after 4000ms: Expected to find element: `[aria-label=\"edit\"]`, but never found it.\n    at Context.eval (http://localhost:3000/__cypress/tests?p=cypress\\e2e\\usuarios.cy.js:139:8)",
                "diff": null
              },
              "uuid": "209d98d0-e7e7-4296-a6f5-6f09a81f3b9a",
              "parentUUID": "4f627de0-03dc-411a-bb2b-4a0df1df5665",
              "isHook": false,
              "skipped": false
            },
            {
              "title": "Excluir usuário",
              "fullTitle": "Usuários Excluir usuário",
              "timedOut": null,
              "duration": 4094,
              "state": "failed",
              "speed": null,
              "pass": false,
              "fail": true,
              "pending": false,
              "context": null,
              "code": "cy.get(`[aria-label=\"delete\"]`).last().click().then(() => {\n  cy.contains(\"Deletar\").click();\n});",
              "err": {
                "message": "AssertionError: Timed out retrying after 4000ms: Expected to find element: `[aria-label=\"delete\"]`, but never found it.",
                "estack": "AssertionError: Timed out retrying after 4000ms: Expected to find element: `[aria-label=\"delete\"]`, but never found it.\n    at Context.eval (http://localhost:3000/__cypress/tests?p=cypress\\e2e\\usuarios.cy.js:146:8)",
                "diff": null
              },
              "uuid": "6ce0a3b4-3f81-40fb-b9d0-f8124d43b773",
              "parentUUID": "4f627de0-03dc-411a-bb2b-4a0df1df5665",
              "isHook": false,
              "skipped": false
            },
            {
              "title": "Exportar usuários",
              "fullTitle": "Usuários Exportar usuários",
              "timedOut": null,
              "duration": 4096,
              "state": "failed",
              "speed": null,
              "pass": false,
              "fail": true,
              "pending": false,
              "context": null,
              "code": "cy.get(`#exportar`).click().then(() => {\n  cy.verifyDownload(\"usuarios.pdf\");\n});",
              "err": {
                "message": "AssertionError: Timed out retrying after 4000ms: Expected to find element: `#exportar`, but never found it.",
                "estack": "AssertionError: Timed out retrying after 4000ms: Expected to find element: `#exportar`, but never found it.\n    at Context.eval (http://localhost:3000/__cypress/tests?p=cypress\\e2e\\usuarios.cy.js:151:8)",
                "diff": null
              },
              "uuid": "b13294fc-4217-4477-ac7c-0ed15a3d3867",
              "parentUUID": "4f627de0-03dc-411a-bb2b-4a0df1df5665",
              "isHook": false,
              "skipped": false
            }
          ],
          "suites": [],
          "passes": [
            "a3ee11e6-432e-4563-81d3-63430d3f29ac"
          ],
          "failures": [
            "87bd52f4-f0a6-4215-a54c-9dcadf7580e8",
            "209d98d0-e7e7-4296-a6f5-6f09a81f3b9a",
            "6ce0a3b4-3f81-40fb-b9d0-f8124d43b773",
            "b13294fc-4217-4477-ac7c-0ed15a3d3867"
          ],
          "pending": [],
          "skipped": [],
          "duration": 14502,
          "root": false,
          "rootEmpty": false,
          "_timeout": 2000
        }
      ],
      "passes": [],
      "failures": [],
      "pending": [],
      "skipped": [],
      "duration": 0,
      "root": true,
      "rootEmpty": true,
      "_timeout": 2000
    }
  ],
  "meta": {
    "mocha": {
      "version": "7.0.1"
    },
    "mochawesome": {
      "options": {
        "quiet": false,
        "reportFilename": "mochawesome",
        "saveHtml": true,
        "saveJson": true,
        "consoleReporter": "spec",
        "useInlineDiffs": false,
        "code": true
      },
      "version": "7.1.3"
    },
    "marge": {
      "options": null,
      "version": "6.2.0"
    }
  }
}